2017-03-10 18:40:47,656 - os.name - Linux
2017-03-10 18:40:47,656 - os.arch - amd64
2017-03-10 18:40:47,656 - os.version - 4.4.0-53-generic
2017-03-10 18:40:47,656 - java.version - 1.8.0_111
2017-03-10 18:40:47,656 - java.vendor - Oracle Corporation
2017-03-10 18:40:47,656 - java.vendor.url - http://java.oracle.com/
2017-03-10 18:40:47,656 - java.home - /usr/lib/jvm/java-8-openjdk-amd64/jre
2017-03-10 18:40:47,656 - java.vm.specification.name - Java Virtual Machine Specification
2017-03-10 18:40:47,656 - java.vm.specification.vendor - Oracle Corporation
2017-03-10 18:40:47,656 - java.vm.specification.version - 1.8
2017-03-10 18:40:47,656 - java.class.path - /home/portable/Downloads/Softwares/eclipse//plugins/org.eclipse.equinox.launcher_1.3.201.v20161025-1711.jar
2017-03-10 18:40:47,656 - java.library.path - /usr/java/packages/lib/amd64:/usr/lib/x86_64-linux-gnu/jni:/lib/x86_64-linux-gnu:/usr/lib/x86_64-linux-gnu:/usr/lib/jni:/lib:/usr/lib
2017-03-10 18:40:47,657 - --------------------------------------
2017-03-10 18:40:47,657 - ## Eclipse Plug-ins Log Information ##
2017-03-10 18:40:47,657 - --------------------------------------
2017-03-10 18:40:47,689 - javax.el - 2.2.0.v201303151357
2017-03-10 18:40:47,697 - javax.servlet - 3.1.0.v201410161800
2017-03-10 18:40:47,697 - javax.servlet.jsp - 2.2.0.v201112011158
2017-03-10 18:40:47,697 - com.sun.el - 2.2.0.v201303151357
2017-03-10 18:40:47,698 - org.apache.commons.logging - 1.1.1.v201101211721
2017-03-10 18:40:47,698 - org.apache.jasper.glassfish - 2.2.2.v201501141630
2017-03-10 18:40:47,762 - org.apache.lucene.analysis - 3.5.0.v20120725-1805
2017-03-10 18:40:47,763 - org.apache.lucene.core - 3.5.0.v20120725-1805
2017-03-10 18:40:47,764 - org.eclipse.equinox.http.jetty - 3.3.0.v20160324-1850
2017-03-10 18:40:47,764 - org.eclipse.equinox.http.registry - 1.1.400.v20150715-1528
2017-03-10 18:40:47,765 - org.eclipse.equinox.http.servlet - 1.3.1.v20160808-1329
2017-03-10 18:40:47,765 - org.eclipse.equinox.jsp.jasper - 1.0.500.v20150119-1358
2017-03-10 18:40:47,765 - org.eclipse.equinox.jsp.jasper.registry - 1.0.300.v20130327-1442
2017-03-10 18:40:47,766 - org.eclipse.help.base - 4.1.1.v20161124-1400
2017-03-10 18:40:47,766 - org.eclipse.help.ui - 4.0.200.v20160510-0758
2017-03-10 18:40:47,766 - org.eclipse.help.webapp - 3.8.0.v20160504-0839
2017-03-10 18:40:47,766 - org.eclipse.jetty.continuation - 9.3.9.v20160517
2017-03-10 18:40:47,767 - org.eclipse.jetty.http - 9.3.9.v20160517
2017-03-10 18:40:47,768 - org.eclipse.jetty.io - 9.3.9.v20160517
2017-03-10 18:40:47,771 - org.eclipse.jetty.security - 9.3.9.v20160517
2017-03-10 18:40:47,773 - org.eclipse.jetty.server - 9.3.9.v20160517
2017-03-10 18:40:47,774 - org.eclipse.jetty.servlet - 9.3.9.v20160517
2017-03-10 18:40:47,776 - org.eclipse.jetty.util - 9.3.9.v20160517
2017-03-10 18:40:47,776 - org.eclipse.core.net - 1.3.0.v20160418-1534
2017-03-10 18:40:47,776 - org.eclipse.equinox.security - 1.2.200.v20150715-1528
2017-03-10 18:40:47,779 - org.eclipse.mylyn.bugzilla.core - 3.21.0.v20160909-1813
2017-03-10 18:40:47,779 - org.eclipse.mylyn.bugzilla.ui - 3.21.0.v20160909-1813
2017-03-10 18:40:47,800 - org.eclipse.andmore.hierarchyviewer - 0.5.0.201605181018
2017-03-10 18:40:47,805 - org.eclipse.sequoyah.device.backward - 2.1.0.N20120718-0509
2017-03-10 18:40:47,806 - org.eclipse.sequoyah.device.framework - 2.1.0.N20120718-0509
2017-03-10 18:40:47,806 - org.eclipse.sequoyah.device.framework.ui - 2.1.0.N20120718-0509
2017-03-10 18:40:47,806 - org.eclipse.sequoyah.device.service.start - 2.1.0.N20120718-0509
2017-03-10 18:40:47,806 - org.eclipse.sequoyah.device.service.stop - 2.1.0.N20120718-0509
2017-03-10 18:40:47,806 - org.eclipse.sequoyah.device.framework.wizard - 2.1.0.N20120718-0509
2017-03-10 18:40:47,808 - org.eclipse.buildship.core - 1.0.21.v20161010-1640
2017-03-10 18:40:47,808 - org.eclipse.buildship.ui - 1.0.21.v20161010-1640
2017-03-10 18:40:47,825 - org.eclipse.buildship.branding - 1.0.21.v20161010-1640
2017-03-10 18:40:47,825 - org.eclipse.buildship.stsmigration - 1.0.21.v20161010-1640
2017-03-10 18:40:47,829 - org.eclipse.mylyn.tasks.core - 3.21.0.v20160914-0252
2017-03-10 18:40:47,834 - org.eclipse.mylyn.tasks.index.core - 3.21.0.v20160630-2019
2017-03-10 18:40:47,835 - org.eclipse.mylyn.tasks.index.ui - 3.21.0.v20160630-2019
2017-03-10 18:40:47,835 - org.eclipse.mylyn.tasks.search - 3.21.0.v20160630-2019
2017-03-10 18:40:47,835 - org.eclipse.mylyn.tasks.ui - 3.21.0.v20160913-2131
2017-03-10 18:40:47,840 - org.eclipse.egit.core - 4.4.1.201607150455-r
2017-03-10 18:40:47,840 - org.eclipse.egit.ui - 4.4.1.201607150455-r
2017-03-10 18:40:47,843 - org.eclipse.egit - 4.4.1.201607150455-r
2017-03-10 18:40:47,843 - org.eclipse.egit.doc - 4.4.1.201607150455-r
2017-03-10 18:40:47,846 - org.eclipse.aether.maven - 3.1.0.v20140706-2237
2017-03-10 18:40:47,855 - org.eclipse.gef - 3.11.0.201606061308
2017-03-10 18:40:47,858 - org.eclipse.mylyn.commons.identity.core - 1.13.0.v20160630-1702
2017-03-10 18:40:47,866 - org.eclipse.oomph.p2 - 1.6.0.v20161019-0656
2017-03-10 18:40:47,866 - org.eclipse.oomph.p2.core - 1.6.0.v20161111-1110
2017-03-10 18:40:47,866 - org.eclipse.oomph.p2.edit - 1.6.0.v20161019-0656
2017-03-10 18:40:47,866 - org.eclipse.oomph.p2.ui - 1.6.0.v20161128-0924
2017-03-10 18:40:47,866 - org.eclipse.oomph.p2.doc - 1.6.0.v20161019-0656
2017-03-10 18:40:47,868 - org.eclipse.datatools.enablement.sqlite - 1.1.0.201603142002
2017-03-10 18:40:47,868 - org.eclipse.datatools.enablement.sqlite.dbdefinition - 1.1.0.201603142002
2017-03-10 18:40:47,868 - org.eclipse.datatools.enablement.sqlite.ui - 1.1.0.201603142002
2017-03-10 18:40:47,886 - org.eclipse.datatools.enablement.finfo - 1.6.0.201603142002
2017-03-10 18:40:47,889 - org.eclipse.emf.codegen.ui - 2.6.0.v20160526-0356
2017-03-10 18:40:47,892 - org.eclipse.mylyn.commons.notifications.core - 1.13.0.v20160630-1702
2017-03-10 18:40:47,892 - org.eclipse.mylyn.commons.notifications.feed - 1.13.0.v20160721-2347
2017-03-10 18:40:47,893 - org.eclipse.mylyn.commons.notifications.ui - 1.13.0.v20160630-1702
2017-03-10 18:40:47,906 - org.eclipse.emf.converter - 2.7.0.v20160526-0356
2017-03-10 18:40:47,906 - org.eclipse.emf.importer - 2.9.0.v20160526-0356
2017-03-10 18:40:47,906 - org.eclipse.emf.exporter - 2.7.0.v20160526-0356
2017-03-10 18:40:47,906 - org.eclipse.emf.importer.ecore - 2.8.0.v20160526-0356
2017-03-10 18:40:47,907 - org.eclipse.emf.importer.java - 2.7.0.v20160526-0356
2017-03-10 18:40:47,907 - org.eclipse.emf.importer.rose - 2.8.0.v20160526-0356
2017-03-10 18:40:47,910 - org.eclipse.emf.edit.ui - 2.12.0.v20160526-0356
2017-03-10 18:40:47,913 - org.eclipse.help - 3.7.0.v20160602-1307
2017-03-10 18:40:47,913 - org.eclipse.ui - 3.108.1.v20160929-1045
2017-03-10 18:40:47,913 - org.eclipse.ui.workbench - 3.108.2.v20161025-2029
2017-03-10 18:40:47,913 - org.eclipse.update.configurator - 3.3.400.v20160506-0750
2017-03-10 18:40:47,914 - org.eclipse.rcp - 4.6.2.v20161124-1400
2017-03-10 18:40:47,917 - org.eclipse.recommenders.rcp - 2.4.5.v20161130-1427
2017-03-10 18:40:47,918 - org.eclipse.recommenders.apidocs - 2.4.5.v20161130-1427
2017-03-10 18:40:47,918 - org.eclipse.recommenders.apidocs.rcp - 2.4.5.v20161130-1427
2017-03-10 18:40:47,918 - org.eclipse.recommenders.calls - 2.4.5.v20161130-1427
2017-03-10 18:40:47,918 - org.eclipse.recommenders.calls.rcp - 2.4.5.v20161130-1427
2017-03-10 18:40:47,918 - org.eclipse.recommenders.chain.rcp - 2.4.5.v20161130-1427
2017-03-10 18:40:47,918 - org.eclipse.recommenders.completion.rcp - 2.4.5.v20161130-1427
2017-03-10 18:40:47,923 - org.eclipse.recommenders.constructors - 2.4.5.v20161130-1427
2017-03-10 18:40:47,923 - org.eclipse.recommenders.constructors.rcp - 2.4.5.v20161130-1427
2017-03-10 18:40:47,923 - org.eclipse.recommenders.coordinates - 2.4.5.v20161130-1427
2017-03-10 18:40:47,923 - org.eclipse.recommenders.coordinates.rcp - 2.4.5.v20161130-1427
2017-03-10 18:40:47,923 - org.eclipse.recommenders.injection - 2.4.5.v20161130-1427
2017-03-10 18:40:47,924 - org.eclipse.recommenders.jayes - 2.4.5.v20161130-1427
2017-03-10 18:40:47,924 - org.eclipse.recommenders.jayes.io - 2.4.5.v20161130-1427
2017-03-10 18:40:47,925 - org.eclipse.recommenders.jdt - 2.4.5.v20161130-1427
2017-03-10 18:40:47,926 - org.eclipse.recommenders.models - 2.4.5.v20161130-1427
2017-03-10 18:40:47,926 - org.eclipse.recommenders.models.rcp - 2.4.5.v20161130-1427
2017-03-10 18:40:47,926 - org.eclipse.recommenders.net - 2.4.5.v20161130-1427
2017-03-10 18:40:47,927 - org.eclipse.recommenders.overrides - 2.4.5.v20161130-1427
2017-03-10 18:40:47,927 - org.eclipse.recommenders.overrides.rcp - 2.4.5.v20161130-1427
2017-03-10 18:40:47,927 - org.eclipse.recommenders.subwords.rcp - 2.4.5.v20161130-1427
2017-03-10 18:40:47,927 - org.eclipse.recommenders.types.rcp - 2.4.5.v20161130-1427
2017-03-10 18:40:47,939 - org.eclipse.recommenders.utils - 2.4.5.v20161130-1427
2017-03-10 18:40:47,939 - org.eclipse.recommenders.utils.rcp - 2.4.5.v20161130-1427
2017-03-10 18:40:47,941 - org.eclipse.mylyn.commons.repositories.http.core - 1.13.0.v20160630-1702
2017-03-10 18:40:47,951 - org.eclipse.datatools.connectivity.oda.design.ui - 3.3.0.201603142002
2017-03-10 18:40:47,951 - org.eclipse.datatools.connectivity.ui.dse - 1.2.0.201603142002
2017-03-10 18:40:47,951 - org.eclipse.datatools.connectivity.ui - 1.3.0.201603142002
2017-03-10 18:40:47,951 - org.eclipse.datatools.connectivity.sqm.core - 1.3.0.201603142002
2017-03-10 18:40:47,951 - org.eclipse.datatools.help - 1.6.0.201603142002
2017-03-10 18:40:47,960 - org.eclipse.jdt - 3.12.2.v20161124-1400
2017-03-10 18:40:47,960 - org.eclipse.ant.ui - 3.6.201.v20161115-1135
2017-03-10 18:40:47,960 - org.eclipse.jdt.apt.core - 3.4.100.v20160525-0952
2017-03-10 18:40:47,960 - org.eclipse.jdt.apt.ui - 3.4.100.v20160418-1457
2017-03-10 18:40:47,960 - org.eclipse.jdt.apt.pluggable.core - 1.1.100.v20160418-1457
2017-03-10 18:40:47,960 - org.eclipse.jdt.compiler.apt - 1.2.100.v20160418-1457
2017-03-10 18:40:47,961 - org.eclipse.jdt.compiler.tool - 1.1.100.v20160418-1457
2017-03-10 18:40:47,961 - org.eclipse.jdt.core - 3.12.2.v20161117-1814
2017-03-10 18:40:47,961 - org.eclipse.jdt.annotation - 2.1.0.v20160418-1457
2017-03-10 18:40:47,961 - org.eclipse.jdt.annotation - 2.1.0.v20160418-1457
2017-03-10 18:40:47,961 - org.eclipse.jdt.core.manipulation - 1.7.0.v20160419-0705
2017-03-10 18:40:47,967 - org.eclipse.jdt.debug.ui - 3.7.201.v20160811-0450
2017-03-10 18:40:47,967 - org.eclipse.jdt.debug - 3.10.1.v20160811-0441
2017-03-10 18:40:47,967 - org.eclipse.jdt.junit - 3.9.0.v20160421-1701
2017-03-10 18:40:47,967 - org.eclipse.jdt.junit.core - 3.8.0.v20160421-1701
2017-03-10 18:40:47,968 - org.eclipse.jdt.junit.runtime - 3.4.600.v20160505-0715
2017-03-10 18:40:47,971 - org.eclipse.jdt.junit4.runtime - 1.1.600.v20160505-0715
2017-03-10 18:40:47,971 - org.eclipse.jdt.launching - 3.8.101.v20161111-2014
2017-03-10 18:40:47,975 - org.eclipse.jdt.ui - 3.12.2.v20160929-0804
2017-03-10 18:40:47,976 - org.junit - 4.12.0.v201504281640
2017-03-10 18:40:47,976 - org.hamcrest.core - 1.3.0.v201303031735
2017-03-10 18:40:47,976 - org.eclipse.jdt.doc.user - 3.12.1.v20160727-2009
2017-03-10 18:40:47,976 - org.eclipse.ant.launching - 1.1.201.v20161115-1135
2017-03-10 18:40:47,985 - org.eclipse.emf.common - 2.12.0.v20160420-0247
2017-03-10 18:40:47,990 - org.eclipse.sequoyah.vnc.vncviewer.vncviews - 2.1.0.N20120718-0509
2017-03-10 18:40:47,992 - org.eclipse.egit.mylyn.ui - 4.4.1.201607150455-r
2017-03-10 18:40:47,994 - org.eclipse.datatools.sqltools.common.ui - 1.1.0.201603142002
2017-03-10 18:40:47,994 - org.eclipse.datatools.sqltools.debugger.core - 1.1.0.201603142002
2017-03-10 18:40:47,995 - org.eclipse.datatools.sqltools.editor.core - 1.1.0.201603142002
2017-03-10 18:40:47,995 - org.eclipse.datatools.sqltools.plan - 1.1.0.201603142002
2017-03-10 18:40:47,995 - org.eclipse.datatools.sqltools.routineeditor - 1.1.0.201603142002
2017-03-10 18:40:47,995 - org.eclipse.datatools.sqltools.sql - 1.1.0.201603142002
2017-03-10 18:40:47,995 - org.eclipse.datatools.sqltools.sqleditor - 1.1.0.201603142002
2017-03-10 18:40:47,995 - org.eclipse.datatools.sqltools.sqlscrapbook - 1.1.0.201603142002
2017-03-10 18:40:47,995 - org.eclipse.datatools.help - 1.6.0.201603142002
2017-03-10 18:40:47,995 - org.eclipse.datatools.sqltools.db.generic - 1.1.0.201603142002
2017-03-10 18:40:47,995 - org.eclipse.datatools.sqltools.debugger.core.ui - 1.1.0.201603142002
2017-03-10 18:40:47,996 - org.eclipse.datatools.sqltools.editor.core.ui - 1.1.0.201603142002
2017-03-10 18:40:47,996 - org.eclipse.datatools.sqltools.result.ui - 1.2.0.201603142002
2017-03-10 18:40:47,996 - org.eclipse.datatools.sqltools.routineeditor.ui - 1.1.0.201603142002
2017-03-10 18:40:47,996 - org.eclipse.datatools.sqltools.sql.ui - 1.1.0.201603142002
2017-03-10 18:40:48,000 - org.objectweb.asm - 5.0.1.v201404251740
2017-03-10 18:40:48,001 - org.eclipse.andmore - 0.5.0.201605181018
2017-03-10 18:40:48,001 - org.eclipse.andmore.base - 0.5.0.201605181018
2017-03-10 18:40:48,001 - org.eclipse.andmore.ddms - 0.5.0.201605181018
2017-03-10 18:40:48,001 - org.eclipse.andmore.overlay - 0.5.0.201605181018
2017-03-10 18:40:48,003 - org.apache.commons.codec - 1.6.0.v201305230611
2017-03-10 18:40:48,005 - org.apache.commons.compress - 1.6.0.v201310281400
2017-03-10 18:40:48,005 - org.apache.httpcomponents.httpclient - 4.3.6.v201511171540
2017-03-10 18:40:48,007 - org.apache.httpcomponents.httpcore - 4.3.3.v201411290715
2017-03-10 18:40:48,013 - org.eclipse.datatools.modelbase.dbdefinition - 1.1.0.201603142002
2017-03-10 18:40:48,014 - org.eclipse.datatools.modelbase.sql.edit - 1.1.0.201603142002
2017-03-10 18:40:48,014 - org.eclipse.datatools.modelbase.sql.query - 1.2.0.201603142002
2017-03-10 18:40:48,014 - org.eclipse.datatools.modelbase.sql.query.edit - 1.1.0.201603142002
2017-03-10 18:40:48,014 - org.eclipse.datatools.modelbase.sql.xml.query - 1.1.0.201603142002
2017-03-10 18:40:48,014 - org.eclipse.datatools.modelbase.sql - 1.1.0.201603142002
2017-03-10 18:40:48,024 - org.eclipse.emf.mapping - 2.9.0.v20160526-0356
2017-03-10 18:40:48,026 - org.eclipse.oomph.setup.editor - 1.6.0.v20161125-1207
2017-03-10 18:40:48,026 - org.eclipse.oomph.setup.ui - 1.6.0.v20161128-0851
2017-03-10 18:40:48,026 - org.eclipse.oomph.setup.doc - 1.6.0.v20161019-0656
2017-03-10 18:40:48,027 - org.eclipse.oomph.setup.ui.questionnaire - 1.6.0.v20161019-0656
2017-03-10 18:40:48,027 - org.eclipse.oomph.jreinfo.ui - 1.6.0.v20161019-0656
2017-03-10 18:40:48,033 - org.eclipse.emf.ecore - 2.12.0.v20160420-0247
2017-03-10 18:40:48,033 - org.eclipse.emf.ecore.change - 2.11.0.v20160420-0247
2017-03-10 18:40:48,033 - org.eclipse.emf.ecore.xmi - 2.12.0.v20160420-0247
2017-03-10 18:40:48,039 - org.eclipse.jgit - 4.4.1.201607150455-r
2017-03-10 18:40:48,040 - org.eclipse.jgit.archive - 4.4.1.201607150455-r
2017-03-10 18:40:48,040 - com.jcraft.jsch - 0.1.53.v201508180515
2017-03-10 18:40:48,041 - javaewah - 0.7.9.v201605172130
2017-03-10 18:40:48,041 - org.apache.commons.compress - 1.6.0.v201310281400
2017-03-10 18:40:48,041 - org.slf4j.api - 1.7.2.v20121108-1250
2017-03-10 18:40:48,041 - org.slf4j.impl.log4j12 - 1.7.2.v20131105-2200
2017-03-10 18:40:48,042 - org.apache.log4j - 1.2.15.v201012070815
2017-03-10 18:40:48,048 - org.eclipse.mylyn.wikitext.core - 2.10.1.v20161129-1925
2017-03-10 18:40:48,049 - org.eclipse.mylyn.wikitext.core.ant - 2.10.1.v20161129-1925
2017-03-10 18:40:48,050 - org.eclipse.mylyn.wikitext.core.osgi - 2.10.1.v20161129-1925
2017-03-10 18:40:48,050 - org.eclipse.mylyn.wikitext.textile.core - 2.10.1.v20161129-1925
2017-03-10 18:40:48,050 - org.eclipse.mylyn.wikitext.html.core - 2.10.1.v20161129-1925
2017-03-10 18:40:48,050 - org.eclipse.mylyn.wikitext.markdown.core - 2.10.1.v20161129-1925
2017-03-10 18:40:48,050 - org.eclipse.mylyn.wikitext.mediawiki.core - 2.10.1.v20161129-1925
2017-03-10 18:40:48,050 - org.eclipse.mylyn.wikitext.mediawiki.core.ant - 2.10.1.v20161129-1925
2017-03-10 18:40:48,050 - org.eclipse.mylyn.wikitext.confluence.core - 2.10.1.v20161129-1925
2017-03-10 18:40:48,050 - org.eclipse.mylyn.wikitext.tracwiki.core - 2.10.1.v20161129-1925
2017-03-10 18:40:48,051 - org.eclipse.mylyn.wikitext.twiki.core - 2.10.1.v20161129-1925
2017-03-10 18:40:48,051 - org.eclipse.mylyn.wikitext.ui - 2.10.1.v20161129-1925
2017-03-10 18:40:48,051 - org.eclipse.mylyn.wikitext.help.ui - 2.10.1.v20161129-1925
2017-03-10 18:40:48,051 - org.eclipse.mylyn.wikitext.textile.ui - 2.10.1.v20161129-1925
2017-03-10 18:40:48,055 - org.eclipse.mylyn.wikitext.markdown.ui - 2.10.1.v20161129-1925
2017-03-10 18:40:48,055 - org.eclipse.mylyn.wikitext.mediawiki.ui - 2.10.1.v20161129-1925
2017-03-10 18:40:48,055 - org.eclipse.mylyn.wikitext.confluence.ui - 2.10.1.v20161129-1925
2017-03-10 18:40:48,055 - org.eclipse.mylyn.wikitext.tracwiki.ui - 2.10.1.v20161129-1925
2017-03-10 18:40:48,055 - org.eclipse.mylyn.wikitext.twiki.ui - 2.10.1.v20161129-1925
2017-03-10 18:40:48,055 - org.eclipse.mylyn.wikitext.tasks.ui - 2.10.1.v20161129-1925
2017-03-10 18:40:48,055 - org.eclipse.mylyn.wikitext.context.ui - 2.10.1.v20161129-1925
2017-03-10 18:40:48,055 - org.eclipse.mylyn.wikitext.asciidoc.core - 2.10.1.v20161129-1925
2017-03-10 18:40:48,055 - org.eclipse.mylyn.wikitext.asciidoc.ui - 2.10.1.v20161129-1925
2017-03-10 18:40:48,058 - org.eclipse.emf.mapping.ecore.editor - 2.6.0.v20160526-0356
2017-03-10 18:40:48,058 - org.eclipse.emf.mapping.ecore2ecore.editor - 2.7.0.v20160526-0356
2017-03-10 18:40:48,058 - org.eclipse.emf.mapping.ecore2xml.ui - 2.8.0.v20160526-0356
2017-03-10 18:40:48,064 - org.eclipse.recommenders.mylyn.rcp - 2.4.5.v20161130-1427
2017-03-10 18:40:48,114 - org.apache.ant - 1.9.6.v201510161327
2017-03-10 18:40:48,114 - org.eclipse.ant.core - 3.4.100.v20160505-0642
2017-03-10 18:40:48,114 - com.jcraft.jsch - 0.1.53.v201508180515
2017-03-10 18:40:48,114 - org.eclipse.compare.core - 3.6.0.v20160418-1534
2017-03-10 18:40:48,115 - org.eclipse.compare - 3.7.0.v20161024-1724
2017-03-10 18:40:48,115 - org.eclipse.core.filebuffers - 3.6.0.v20160503-1849
2017-03-10 18:40:48,115 - org.eclipse.core.filesystem - 1.6.1.v20161113-2349
2017-03-10 18:40:48,115 - org.eclipse.core.net - 1.3.0.v20160418-1534
2017-03-10 18:40:48,115 - org.eclipse.core.net.linux.x86_64 - 1.2.0.v20160323-1650
2017-03-10 18:40:48,115 - org.eclipse.core.resources - 3.11.1.v20161107-2032
2017-03-10 18:40:48,116 - org.eclipse.osgi.util - 3.3.100.v20150423-1351
2017-03-10 18:40:48,116 - org.eclipse.debug.core - 3.10.100.v20160419-1720
2017-03-10 18:40:48,116 - org.eclipse.debug.ui - 3.11.202.v20161114-0338
2017-03-10 18:40:48,116 - org.eclipse.equinox.event - 1.3.200.v20160324-1850
2017-03-10 18:40:48,116 - org.eclipse.ltk.core.refactoring - 3.7.0.v20160419-0705
2017-03-10 18:40:48,116 - org.eclipse.ltk.ui.refactoring - 3.8.0.v20160518-1817
2017-03-10 18:40:48,116 - org.eclipse.platform - 4.6.2.v20161124-1400
2017-03-10 18:40:48,116 - org.eclipse.platform.doc.user - 4.6.1.v20160727-2009
2017-03-10 18:40:48,116 - org.eclipse.search - 3.11.1.v20161113-1700
2017-03-10 18:40:48,117 - org.eclipse.team.core - 3.8.0.v20160418-1534
2017-03-10 18:40:48,117 - org.eclipse.team.ui - 3.8.0.v20160518-1906
2017-03-10 18:40:48,117 - org.eclipse.text - 3.6.0.v20160503-1849
2017-03-10 18:40:48,117 - org.eclipse.jface.text - 3.11.2.v20161113-1700
2017-03-10 18:40:48,118 - org.eclipse.jsch.core - 1.3.0.v20160422-1917
2017-03-10 18:40:48,118 - org.eclipse.jsch.ui - 1.3.0.v20160323-1650
2017-03-10 18:40:48,118 - org.eclipse.ui.console - 3.6.201.v20161107-0337
2017-03-10 18:40:48,118 - org.eclipse.ui.intro - 3.5.2.v20161116-1147
2017-03-10 18:40:48,118 - org.eclipse.ui.intro.universal - 3.3.1.v20160829-1558
2017-03-10 18:40:48,118 - org.eclipse.ui.cheatsheets - 3.5.0.v20160504-0839
2017-03-10 18:40:48,118 - org.eclipse.ui.browser - 3.5.2.v20161114-0210
2017-03-10 18:40:48,118 - org.eclipse.ui.monitoring - 1.1.1.v20161028-1850
2017-03-10 18:40:48,118 - org.eclipse.ui.navigator - 3.6.101.v20161006-1120
2017-03-10 18:40:48,118 - org.eclipse.ui.navigator.resources - 3.5.101.v20161006-0640
2017-03-10 18:40:48,118 - org.eclipse.ui.net - 1.3.0.v20160426-1633
2017-03-10 18:40:48,118 - org.eclipse.ui.workbench.texteditor - 3.10.1.v20160818-1626
2017-03-10 18:40:48,118 - org.eclipse.ui.views - 3.8.101.v20160816-1954
2017-03-10 18:40:48,118 - org.eclipse.ui.editors - 3.10.1.v20161106-1856
2017-03-10 18:40:48,118 - org.eclipse.ui.externaltools - 3.3.100.v20160518-1858
2017-03-10 18:40:48,118 - org.eclipse.ui.ide - 3.12.2.v20161115-1450
2017-03-10 18:40:48,118 - org.eclipse.ui.ide.application - 1.1.101.v20160829-0827
2017-03-10 18:40:48,127 - org.eclipse.core.filesystem.linux.x86_64 - 1.2.200.v20140124-1940
2017-03-10 18:40:48,127 - org.eclipse.core.variables - 3.3.0.v20160419-1720
2017-03-10 18:40:48,127 - org.eclipse.ui.forms - 3.7.0.v20160518-1929
2017-03-10 18:40:48,127 - org.eclipse.ui.views.properties.tabbed - 3.7.0.v20160310-0903
2017-03-10 18:40:48,127 - org.eclipse.equinox.security - 1.2.200.v20150715-1528
2017-03-10 18:40:48,127 - org.eclipse.equinox.security.ui - 1.1.300.v20150803-1225
2017-03-10 18:40:48,127 - org.eclipse.core.externaltools - 1.0.400.v20160509-1057
2017-03-10 18:40:48,127 - org.eclipse.ui.themes - 1.1.300.v20161107-1827
2017-03-10 18:40:48,128 - org.eclipse.core.runtime - 3.12.0.v20160606-1342
2017-03-10 18:40:48,128 - org.eclipse.ui.intro.quicklinks - 1.0.0.v20160515-0255
2017-03-10 18:40:48,130 - org.eclipse.mylyn.discovery.core - 3.21.0.v20160729-1739
2017-03-10 18:40:48,130 - org.eclipse.mylyn.discovery.ui - 3.21.0.v20160630-1702
2017-03-10 18:40:48,140 - org.eclipse.emf.ecore.edit - 2.9.0.v20160526-0356
2017-03-10 18:40:48,140 - org.eclipse.emf.ecore.change.edit - 2.6.0.v20160526-0356
2017-03-10 18:40:48,151 - org.eclipse.sequoyah.vnc.protocol - 2.1.0.N20120718-0509
2017-03-10 18:40:48,153 - org.eclipse.mylyn.versions.core - 1.13.0.v20160630-2022
2017-03-10 18:40:48,153 - org.eclipse.mylyn.versions.ui - 1.13.0.v20160630-2022
2017-03-10 18:40:48,160 - org.eclipse.emf.mapping.ecore - 2.6.0.v20160526-0356
2017-03-10 18:40:48,160 - org.eclipse.emf.mapping.ecore2ecore - 2.9.0.v20160526-0356
2017-03-10 18:40:48,160 - org.eclipse.emf.mapping.ecore2xml - 2.9.0.v20160526-0356
2017-03-10 18:40:48,163 - org.eclipse.andmore.traceview - 0.5.0.201605181018
2017-03-10 18:40:48,165 - org.eclipse.sequoyah.localization.android - 2.1.0.N20120718-0509
2017-03-10 18:40:48,165 - org.eclipse.sequoyah.localization.android.help - 2.1.1.N20120718-0509
2017-03-10 18:40:48,166 - org.eclipse.m2e.logback.configuration - 1.7.0.20160603-1933
2017-03-10 18:40:48,167 - org.eclipse.m2e.logback.appender - 1.7.0.20160603-1933
2017-03-10 18:40:48,168 - org.eclipse.emf.codegen - 2.11.0.v20160526-0356
2017-03-10 18:40:48,169 - org.eclipse.wst.dtd.ui - 1.0.801.v201308100602
2017-03-10 18:40:48,170 - org.eclipse.wst.dtd.ui.infopop - 1.0.400.v201309112106
2017-03-10 18:40:48,170 - org.eclipse.wst.sse.ui.infopop - 1.0.300.v201309112106
2017-03-10 18:40:48,170 - org.eclipse.wst.xml.ui.infopop - 1.0.400.v201309112106
2017-03-10 18:40:48,170 - org.eclipse.wst.sse.ui - 1.3.500.v201605120129
2017-03-10 18:40:48,170 - org.eclipse.wst.xml.ui - 1.1.700.v201604272318
2017-03-10 18:40:48,170 - org.eclipse.wst.xsd.ui - 1.2.600.v201511240159
2017-03-10 18:40:48,171 - org.eclipse.emf - 2.6.0.v20160526-0356
2017-03-10 18:40:48,173 - org.eclipse.datatools.doc.user - 1.7.0.20090521092446
2017-03-10 18:40:48,173 - org.eclipse.datatools.oda.cshelp - 1.2.0.201603142002
2017-03-10 18:40:48,173 - org.eclipse.datatools.help - 1.6.0.201603142002
2017-03-10 18:40:48,174 - org.eclipse.mylyn.tasks.bugs - 3.21.0.v20160929-1805
2017-03-10 18:40:48,174 - org.eclipse.mylyn.help.ui - 3.21.0.v20160913-2013
2017-03-10 18:40:48,175 - org.eclipse.draw2d - 3.10.100.201606061308
2017-03-10 18:40:48,177 - org.eclipse.emf.edit - 2.12.0.v20160526-0356
2017-03-10 18:40:48,178 - org.eclipse.mylyn.commons.core - 3.21.0.v20160707-1856
2017-03-10 18:40:48,178 - org.eclipse.mylyn.commons.screenshots - 3.21.0.v20160630-1702
2017-03-10 18:40:48,179 - org.eclipse.mylyn.commons.ui - 3.21.0.v20160630-1702
2017-03-10 18:40:48,179 - org.eclipse.mylyn.commons.workbench - 3.21.0.v20160630-1702
2017-03-10 18:40:48,190 - org.eclipse.mylyn.bugzilla.ide - 3.21.0.v20160912-1820
2017-03-10 18:40:48,190 - org.eclipse.mylyn.ide.ui - 3.21.0.v20160701-1337
2017-03-10 18:40:48,194 - org.eclipse.emf.databinding.edit - 1.3.0.v20160526-0356
2017-03-10 18:40:48,196 - org.eclipse.emf.codegen.ecore - 2.12.0.v20160526-0356
2017-03-10 18:40:48,197 - org.eclipse.emf.ant - 2.8.0.v20160526-0356
2017-03-10 18:40:48,216 - org.eclipse.m2e.archetype.common - 1.7.0.20160603-1931
2017-03-10 18:40:48,218 - org.eclipse.m2e.maven.indexer - 1.7.0.20160603-1931
2017-03-10 18:40:48,218 - org.eclipse.m2e.model.edit - 1.7.0.20160603-1933
2017-03-10 18:40:48,218 - org.eclipse.m2e.core - 1.7.0.20160603-1933
2017-03-10 18:40:48,218 - org.eclipse.m2e.launching - 1.7.0.20160603-1933
2017-03-10 18:40:48,218 - org.eclipse.m2e.workspace.cli - 0.3.1
2017-03-10 18:40:48,218 - org.eclipse.m2e.jdt - 1.7.0.20160603-1933
2017-03-10 18:40:48,218 - org.eclipse.m2e.editor - 1.7.0.20160603-1933
2017-03-10 18:40:48,219 - org.eclipse.m2e.editor.xml - 1.7.0.20160603-1933
2017-03-10 18:40:48,249 - org.eclipse.m2e.maven.runtime - 1.7.0.20160603-1931
2017-03-10 18:40:48,250 - org.eclipse.m2e.maven.runtime.slf4j.simple - 1.7.0.20160603-1931
2017-03-10 18:40:48,250 - org.eclipse.m2e.refactoring - 1.7.0.20160603-1933
2017-03-10 18:40:48,250 - org.eclipse.m2e.lifecyclemapping.defaults - 1.7.0.20160603-1933
2017-03-10 18:40:48,250 - org.eclipse.m2e.discovery - 1.7.0.20160603-1933
2017-03-10 18:40:48,250 - org.eclipse.m2e.core.ui - 1.7.0.20160603-1933
2017-03-10 18:40:48,251 - org.eclipse.m2e.scm - 1.7.0.20160603-1933
2017-03-10 18:40:48,251 - org.eclipse.m2e.jdt.ui - 1.7.0.20160603-1933
2017-03-10 18:40:48,251 - org.eclipse.m2e.profiles.core - 1.7.0.20160603-1933
2017-03-10 18:40:48,251 - org.eclipse.m2e.profiles.ui - 1.7.0.20160603-1933
2017-03-10 18:40:48,251 - org.eclipse.m2e.importer - 1.7.0.20160603-1933
2017-03-10 18:40:48,253 - org.eclipse.andmore.ndk - 0.5.0.201605181018
2017-03-10 18:40:48,262 - org.eclipse.andmore.gldebugger - 0.5.0.201605181018
2017-03-10 18:40:48,266 - org.eclipse.mylyn.hudson.core - 1.13.0.v20160806-1446
2017-03-10 18:40:48,266 - org.eclipse.mylyn.hudson.ui - 1.13.0.v20160704-1634
2017-03-10 18:40:48,269 - org.eclipse.epp.mpc.core - 1.5.3.v20161116-1851
2017-03-10 18:40:48,269 - org.eclipse.epp.mpc.ui - 1.5.3.v20161116-1851
2017-03-10 18:40:48,269 - org.eclipse.epp.mpc.help.ui - 1.5.3.v20161116-1851
2017-03-10 18:40:48,269 - org.apache.httpcomponents.httpclient - 4.3.6.v201511171540
2017-03-10 18:40:48,269 - org.apache.httpcomponents.httpcore - 4.3.3.v201411290715
2017-03-10 18:40:48,276 - org.eclipse.mylyn.git.core - 1.13.0.v20160630-2022
2017-03-10 18:40:48,276 - org.eclipse.mylyn.git.ui - 1.13.0.v20160630-2022
2017-03-10 18:40:48,284 - org.eclipse.datatools.connectivity.oda.consumer - 3.3.0.201603142002
2017-03-10 18:40:48,284 - org.eclipse.datatools.connectivity.oda.design - 3.4.0.201603142002
2017-03-10 18:40:48,284 - org.eclipse.datatools.connectivity.oda.profile - 3.3.0.201603142002
2017-03-10 18:40:48,284 - org.eclipse.datatools.connectivity.oda - 3.5.0.201603142002
2017-03-10 18:40:48,284 - org.eclipse.datatools.connectivity - 1.13.0.201603142002
2017-03-10 18:40:48,287 - org.eclipse.andmore.android.certmanager - 0.5.0.201605181018
2017-03-10 18:40:48,290 - org.eclipse.recommenders.snipmatch - 2.4.5.v20161130-1427
2017-03-10 18:40:48,290 - org.eclipse.recommenders.snipmatch.rcp - 2.4.5.v20161130-1427
2017-03-10 18:40:48,292 - org.eclipse.cdt.gdb - 7.0.0.201612061315
2017-03-10 18:40:48,292 - org.eclipse.cdt.gdb.ui - 7.0.0.201612061315
2017-03-10 18:40:48,294 - org.eclipse.pde - 3.12.2.v20161124-1400
2017-03-10 18:40:48,294 - org.eclipse.pde.build - 3.9.200.v20160204-0642
2017-03-10 18:40:48,294 - org.eclipse.pde.core - 3.11.1.v20161115-1951
2017-03-10 18:40:48,294 - org.eclipse.pde.junit.runtime - 3.5.0.v20151013-0625
2017-03-10 18:40:48,294 - org.eclipse.pde.runtime - 3.5.0.v20160418-1724
2017-03-10 18:40:48,294 - org.eclipse.pde.ui - 3.9.100.v20161102-0517
2017-03-10 18:40:48,295 - org.eclipse.pde.doc.user - 3.12.2.v20161123-1159
2017-03-10 18:40:48,295 - org.eclipse.pde.ui.templates - 3.6.0.v20160424-1948
2017-03-10 18:40:48,295 - org.eclipse.ui.views.log - 1.2.1.v20160829-0826
2017-03-10 18:40:48,295 - org.objectweb.asm - 5.0.1.v201404251740
2017-03-10 18:40:48,295 - org.objectweb.asm.tree - 5.0.1.v201404251740
2017-03-10 18:40:48,296 - org.eclipse.pde.api.tools - 1.1.2.v20161115-0549
2017-03-10 18:40:48,296 - org.eclipse.pde.api.tools.annotations - 1.0.100.v20160418-1724
2017-03-10 18:40:48,296 - org.eclipse.pde.api.tools.ui - 1.1.0.v20160519-0701
2017-03-10 18:40:48,296 - org.eclipse.pde.ds.core - 1.1.0.v20151201-1325
2017-03-10 18:40:48,296 - org.eclipse.pde.ds.ui - 1.1.0.v20160518-1843
2017-03-10 18:40:48,296 - org.eclipse.pde.launching - 3.6.401.v20161115-0549
2017-03-10 18:40:48,296 - org.eclipse.pde.ua.core - 1.0.500.v20160204-0642
2017-03-10 18:40:48,296 - org.eclipse.pde.ua.ui - 1.1.0.v20160518-1843
2017-03-10 18:40:48,296 - org.eclipse.ui.trace - 1.0.400.v20160509-1055
2017-03-10 18:40:48,296 - org.eclipse.pde.ds.annotations - 1.0.0.v20160525-1437
2017-03-10 18:40:48,298 - org.eclipse.sequoyah.localization.tools - 2.1.0.N20120718-0509
2017-03-10 18:40:48,298 - org.eclipse.sequoyah.localization.editor - 2.1.0.N20120718-0509
2017-03-10 18:40:48,308 - net.sourceforge.lpg.lpgjavaruntime - 1.1.0.v201004271650
2017-03-10 18:40:48,308 - org.eclipse.datatools.sqltools.parsers.sql.lexer - 1.1.0.201603142002
2017-03-10 18:40:48,308 - org.eclipse.datatools.sqltools.parsers.sql.query - 1.3.0.201603142002
2017-03-10 18:40:48,308 - org.eclipse.datatools.sqltools.parsers.sql.xml.query - 1.1.0.201603142002
2017-03-10 18:40:48,308 - org.eclipse.datatools.sqltools.parsers.sql - 1.1.0.201603142002
2017-03-10 18:40:48,311 - org.eclipse.mylyn.java.ui - 3.21.0.v20160701-1337
2017-03-10 18:40:48,311 - org.eclipse.mylyn.java.tasks - 3.21.0.v20160701-1337
2017-03-10 18:40:48,311 - org.eclipse.mylyn.ide.ui - 3.21.0.v20160701-1337
2017-03-10 18:40:48,311 - org.eclipse.mylyn.ide.ant - 3.21.0.v20160701-1337
2017-03-10 18:40:48,313 - org.eclipse.mylyn.debug.ui - 3.21.0.v20160701-1337
2017-03-10 18:40:48,321 - org.eclipse.mylyn.team.ui - 3.21.0.v20160701-1337
2017-03-10 18:40:48,322 - org.eclipse.datatools.sqltools.sql - 1.1.0.201603142002
2017-03-10 18:40:48,322 - org.eclipse.datatools.sqltools.common.ui - 1.1.0.201603142002
2017-03-10 18:40:48,322 - org.eclipse.datatools.sqltools.plan - 1.1.0.201603142002
2017-03-10 18:40:48,322 - org.eclipse.datatools.sqltools.editor.core - 1.1.0.201603142002
2017-03-10 18:40:48,322 - org.eclipse.datatools.sqltools.sqleditor - 1.1.0.201603142002
2017-03-10 18:40:48,322 - org.eclipse.datatools.sqltools.ddlgen.ui - 1.1.0.201603142002
2017-03-10 18:40:48,322 - org.eclipse.datatools.connectivity.db.generic - 1.1.0.201603142002
2017-03-10 18:40:48,323 - org.eclipse.datatools.sqltools.editor.core.ui - 1.1.0.201603142002
2017-03-10 18:40:48,323 - org.eclipse.datatools.sqltools.sql.ui - 1.1.0.201603142002
2017-03-10 18:40:48,324 - org.eclipse.emf.common.ui - 2.11.0.v20160526-0356
2017-03-10 18:40:48,325 - org.eclipse.mylyn.commons.repositories.core - 1.13.0.v20160630-1702
2017-03-10 18:40:48,325 - org.eclipse.mylyn.commons.repositories.ui - 1.13.0.v20160630-1702
2017-03-10 18:40:48,327 - org.eclipse.sequoyah.device.common.utilities - 2.1.0.N20120718-0509
2017-03-10 18:40:48,330 - org.eclipse.andmore.android.common - 0.5.0.201605181018
2017-03-10 18:40:48,330 - org.eclipse.andmore.android.codeutils - 0.5.0.201605181018
2017-03-10 18:40:48,330 - org.eclipse.andmore.android.translation - 0.5.0.201605181018
2017-03-10 18:40:48,330 - org.eclipse.andmore.android.codesnippets - 0.5.0.201605181018
2017-03-10 18:40:48,330 - org.eclipse.andmore.android.db.core - 0.5.0.201605181018
2017-03-10 18:40:48,330 - org.eclipse.andmore.android.logger - 0.5.0.201605181018
2017-03-10 18:40:48,330 - org.eclipse.andmore.android - 0.5.0.201605181018
2017-03-10 18:40:48,330 - org.eclipse.andmore.android.emulator - 0.5.0.201605181018
2017-03-10 18:40:48,330 - org.eclipse.andmore.android.launch - 0.5.0.201605181018
2017-03-10 18:40:48,330 - org.eclipse.andmore.android.packaging.ui - 0.5.0.201605181018
2017-03-10 18:40:48,331 - org.eclipse.andmore.android.handset - 0.5.0.201605181018
2017-03-10 18:40:48,331 - org.eclipse.andmore.android.remote - 0.5.0.201605181018
2017-03-10 18:40:48,331 - org.eclipse.andmore.android.linux.x86_64 - 0.5.0.201605181018
2017-03-10 18:40:48,331 - org.eclipse.andmore.android.mat - 0.5.0.201605181018
2017-03-10 18:40:48,331 - org.eclipse.andmore.android.devices.services - 0.5.0.201605181018
2017-03-10 18:40:48,331 - org.eclipse.andmore.android.db.devices - 0.5.0.201605181018
2017-03-10 18:40:48,331 - org.eclipse.andmore.android.installer - 0.5.0.201605181018
2017-03-10 18:40:48,331 - org.eclipse.andmore.android.logger.collector - 0.5.0.201605181018
2017-03-10 18:40:48,333 - org.eclipse.emf.mapping.ui - 2.7.0.v20160526-0356
2017-03-10 18:40:48,335 - org.eclipse.mylyn.monitor.core - 3.21.0.v20160630-1702
2017-03-10 18:40:48,335 - org.eclipse.mylyn.monitor.ui - 3.21.0.v20160630-1702
2017-03-10 18:40:48,337 - org.eclipse.datatools.connectivity.oda.template.ui - 3.3.0.201603142002
2017-03-10 18:40:48,340 - org.eclipse.sequoyah.vnc.vncviewer - 2.1.0.N20120718-0509
2017-03-10 18:40:48,342 - org.eclipse.emf.codegen.ecore.ui - 2.12.0.v20160526-0356
2017-03-10 18:40:48,344 - org.eclipse.emf.ecore.editor - 2.12.0.v20160526-0356
2017-03-10 18:40:48,346 - org.eclipse.epp.package.android - 4.6.2.20161208-0625
2017-03-10 18:40:48,348 - org.eclipse.mylyn.builds.core - 1.13.0.v20160704-1634
2017-03-10 18:40:48,348 - org.eclipse.mylyn.builds.ui - 1.13.0.v20160725-1817
2017-03-10 18:40:48,350 - org.eclipse.mylyn.context.core - 3.21.0.v20160701-1337
2017-03-10 18:40:48,350 - org.eclipse.mylyn.context.ui - 3.21.0.v20160701-1337
2017-03-10 18:40:48,350 - org.eclipse.mylyn.resources.ui - 3.21.0.v20160701-1337
2017-03-10 18:40:48,350 - org.eclipse.mylyn.context.tasks.ui - 3.21.0.v20160815-2336
2017-03-10 18:40:48,352 - org.eclipse.emf.databinding - 1.3.0.v20160526-0356
2017-03-10 18:40:48,354 - org.eclipse.datatools.connectivity.sqm.core.ui - 1.3.0.201603142002
2017-03-10 18:40:48,354 - org.eclipse.datatools.connectivity.sqm.core - 1.3.0.201603142002
2017-03-10 18:40:48,354 - org.eclipse.datatools.connectivity.sqm.server.ui - 1.2.0.201603142002
2017-03-10 18:40:48,354 - org.eclipse.datatools.connectivity.ui.dse - 1.2.0.201603142002
2017-03-10 18:40:48,354 - org.eclipse.datatools.connectivity.ui - 1.3.0.201603142002
2017-03-10 18:40:48,354 - org.eclipse.datatools.connectivity - 1.13.0.201603142002
2017-03-10 18:40:48,354 - org.eclipse.datatools.help - 1.6.0.201603142002
2017-03-10 18:40:48,354 - org.eclipse.datatools.connectivity.console.profile - 1.1.0.201603142002
2017-03-10 18:40:48,357 - org.eclipse.oomph.setup - 1.6.0.v20161125-0947
2017-03-10 18:40:48,357 - org.eclipse.oomph.setup.edit - 1.6.0.v20161125-0947
2017-03-10 18:40:48,357 - org.eclipse.oomph.setup.core - 1.6.0.v20161128-0928
2017-03-10 18:40:48,357 - org.eclipse.oomph.setup.sync - 1.6.0.v20161019-0656
2017-03-10 18:40:48,357 - org.eclipse.oomph.setup.p2 - 1.6.0.v20161019-0656
2017-03-10 18:40:48,357 - org.eclipse.oomph.setup.p2.edit - 1.6.0.v20161019-0656
2017-03-10 18:40:48,357 - org.eclipse.oomph.preferences - 1.6.0.v20161019-0656
2017-03-10 18:40:48,357 - org.eclipse.oomph.jreinfo - 1.6.0.v20161019-0656
2017-03-10 18:40:48,371 - org.eclipse.oomph.extractor.lib - 1.3.0.v20161116-0647
2017-03-10 18:40:48,371 - org.apache.commons.logging - 1.1.1.v201101211721
2017-03-10 18:40:48,371 - org.apache.commons.codec - 1.6.0.v201305230611
2017-03-10 18:40:48,371 - org.apache.httpcomponents.httpclient - 4.3.6.v201511171540
2017-03-10 18:40:48,371 - org.apache.httpcomponents.httpcore - 4.3.3.v201411290715
2017-03-10 18:40:48,371 - org.eclipse.userstorage - 1.0.0.v20160524-0709
2017-03-10 18:40:48,371 - org.eclipse.userstorage.ui - 1.0.0.v20151216-0912
2017-03-11 02:34:25,681 - os.name - Linux
2017-03-11 02:34:25,709 - os.arch - amd64
2017-03-11 02:34:25,709 - os.version - 4.4.0-53-generic
2017-03-11 02:34:25,709 - java.version - 1.8.0_121
2017-03-11 02:34:25,709 - java.vendor - Oracle Corporation
2017-03-11 02:34:25,709 - java.vendor.url - http://java.oracle.com/
2017-03-11 02:34:25,709 - java.home - /usr/local/java/jre1.8.0_121
2017-03-11 02:34:25,709 - java.vm.specification.name - Java Virtual Machine Specification
2017-03-11 02:34:25,709 - java.vm.specification.vendor - Oracle Corporation
2017-03-11 02:34:25,709 - java.vm.specification.version - 1.8
2017-03-11 02:34:25,709 - java.class.path - /home/portable/Downloads/Softwares/eclipse//plugins/org.eclipse.equinox.launcher_1.3.201.v20161025-1711.jar
2017-03-11 02:34:25,709 - java.library.path - /usr/java/packages/lib/amd64:/usr/lib64:/lib64:/lib:/usr/lib
2017-03-11 02:34:25,710 - --------------------------------------
2017-03-11 02:34:25,710 - ## Eclipse Plug-ins Log Information ##
2017-03-11 02:34:25,710 - --------------------------------------
2017-03-11 02:34:25,760 - javax.el - 2.2.0.v201303151357
2017-03-11 02:34:25,761 - javax.servlet - 3.1.0.v201410161800
2017-03-11 02:34:25,762 - javax.servlet.jsp - 2.2.0.v201112011158
2017-03-11 02:34:25,762 - com.sun.el - 2.2.0.v201303151357
2017-03-11 02:34:25,763 - org.apache.commons.logging - 1.1.1.v201101211721
2017-03-11 02:34:25,764 - org.apache.jasper.glassfish - 2.2.2.v201501141630
2017-03-11 02:34:25,766 - org.apache.lucene.analysis - 3.5.0.v20120725-1805
2017-03-11 02:34:25,767 - org.apache.lucene.core - 3.5.0.v20120725-1805
2017-03-11 02:34:25,768 - org.eclipse.equinox.http.jetty - 3.3.0.v20160324-1850
2017-03-11 02:34:25,769 - org.eclipse.equinox.http.registry - 1.1.400.v20150715-1528
2017-03-11 02:34:25,770 - org.eclipse.equinox.http.servlet - 1.3.1.v20160808-1329
2017-03-11 02:34:25,805 - org.eclipse.equinox.jsp.jasper - 1.0.500.v20150119-1358
2017-03-11 02:34:25,806 - org.eclipse.equinox.jsp.jasper.registry - 1.0.300.v20130327-1442
2017-03-11 02:34:25,806 - org.eclipse.help.base - 4.1.1.v20161124-1400
2017-03-11 02:34:25,807 - org.eclipse.help.ui - 4.0.200.v20160510-0758
2017-03-11 02:34:25,808 - org.eclipse.help.webapp - 3.8.0.v20160504-0839
2017-03-11 02:34:25,808 - org.eclipse.jetty.continuation - 9.3.9.v20160517
2017-03-11 02:34:25,809 - org.eclipse.jetty.http - 9.3.9.v20160517
2017-03-11 02:34:25,810 - org.eclipse.jetty.io - 9.3.9.v20160517
2017-03-11 02:34:25,811 - org.eclipse.jetty.security - 9.3.9.v20160517
2017-03-11 02:34:25,813 - org.eclipse.jetty.server - 9.3.9.v20160517
2017-03-11 02:34:25,814 - org.eclipse.jetty.servlet - 9.3.9.v20160517
2017-03-11 02:34:25,816 - org.eclipse.jetty.util - 9.3.9.v20160517
2017-03-11 02:34:25,817 - org.eclipse.core.net - 1.3.0.v20160418-1534
2017-03-11 02:34:25,817 - org.eclipse.equinox.security - 1.2.200.v20150715-1528
2017-03-11 02:34:25,839 - org.eclipse.mylyn.bugzilla.core - 3.21.0.v20160909-1813
2017-03-11 02:34:25,840 - org.eclipse.mylyn.bugzilla.ui - 3.21.0.v20160909-1813
2017-03-11 02:34:25,847 - org.eclipse.andmore.hierarchyviewer - 0.5.0.201605181018
2017-03-11 02:34:25,850 - org.eclipse.sequoyah.device.backward - 2.1.0.N20120718-0509
2017-03-11 02:34:25,850 - org.eclipse.sequoyah.device.framework - 2.1.0.N20120718-0509
2017-03-11 02:34:25,851 - org.eclipse.sequoyah.device.framework.ui - 2.1.0.N20120718-0509
2017-03-11 02:34:25,852 - org.eclipse.sequoyah.device.service.start - 2.1.0.N20120718-0509
2017-03-11 02:34:25,853 - org.eclipse.sequoyah.device.service.stop - 2.1.0.N20120718-0509
2017-03-11 02:34:25,853 - org.eclipse.sequoyah.device.framework.wizard - 2.1.0.N20120718-0509
2017-03-11 02:34:25,904 - org.eclipse.buildship.core - 1.0.21.v20161010-1640
2017-03-11 02:34:25,905 - org.eclipse.buildship.ui - 1.0.21.v20161010-1640
2017-03-11 02:34:25,905 - org.eclipse.buildship.branding - 1.0.21.v20161010-1640
2017-03-11 02:34:25,906 - org.eclipse.buildship.stsmigration - 1.0.21.v20161010-1640
2017-03-11 02:34:25,936 - org.eclipse.mylyn.tasks.core - 3.21.0.v20160914-0252
2017-03-11 02:34:25,940 - org.eclipse.mylyn.tasks.index.core - 3.21.0.v20160630-2019
2017-03-11 02:34:25,940 - org.eclipse.mylyn.tasks.index.ui - 3.21.0.v20160630-2019
2017-03-11 02:34:25,941 - org.eclipse.mylyn.tasks.search - 3.21.0.v20160630-2019
2017-03-11 02:34:25,941 - org.eclipse.mylyn.tasks.ui - 3.21.0.v20160913-2131
2017-03-11 02:34:25,988 - org.eclipse.egit.core - 4.4.1.201607150455-r
2017-03-11 02:34:26,019 - org.eclipse.egit.ui - 4.4.1.201607150455-r
2017-03-11 02:34:26,019 - org.eclipse.egit - 4.4.1.201607150455-r
2017-03-11 02:34:26,033 - org.eclipse.egit.doc - 4.4.1.201607150455-r
2017-03-11 02:34:26,064 - org.eclipse.aether.maven - 3.1.0.v20140706-2237
2017-03-11 02:34:26,066 - org.eclipse.gef - 3.11.0.201606061308
2017-03-11 02:34:26,116 - org.eclipse.mylyn.commons.identity.core - 1.13.0.v20160630-1702
2017-03-11 02:34:26,154 - org.eclipse.oomph.p2 - 1.6.0.v20161019-0656
2017-03-11 02:34:26,158 - org.eclipse.oomph.p2.core - 1.6.0.v20161111-1110
2017-03-11 02:34:26,159 - org.eclipse.oomph.p2.edit - 1.6.0.v20161019-0656
2017-03-11 02:34:26,159 - org.eclipse.oomph.p2.ui - 1.6.0.v20161128-0924
2017-03-11 02:34:26,160 - org.eclipse.oomph.p2.doc - 1.6.0.v20161019-0656
2017-03-11 02:34:26,169 - org.eclipse.datatools.enablement.sqlite - 1.1.0.201603142002
2017-03-11 02:34:26,170 - org.eclipse.datatools.enablement.sqlite.dbdefinition - 1.1.0.201603142002
2017-03-11 02:34:26,170 - org.eclipse.datatools.enablement.sqlite.ui - 1.1.0.201603142002
2017-03-11 02:34:26,175 - org.eclipse.datatools.enablement.finfo - 1.6.0.201603142002
2017-03-11 02:34:26,178 - org.eclipse.emf.codegen.ui - 2.6.0.v20160526-0356
2017-03-11 02:34:26,216 - org.eclipse.mylyn.commons.notifications.core - 1.13.0.v20160630-1702
2017-03-11 02:34:26,217 - org.eclipse.mylyn.commons.notifications.feed - 1.13.0.v20160721-2347
2017-03-11 02:34:26,218 - org.eclipse.mylyn.commons.notifications.ui - 1.13.0.v20160630-1702
2017-03-11 02:34:26,221 - org.eclipse.emf.converter - 2.7.0.v20160526-0356
2017-03-11 02:34:26,224 - org.eclipse.emf.importer - 2.9.0.v20160526-0356
2017-03-11 02:34:26,224 - org.eclipse.emf.exporter - 2.7.0.v20160526-0356
2017-03-11 02:34:26,227 - org.eclipse.emf.importer.ecore - 2.8.0.v20160526-0356
2017-03-11 02:34:26,228 - org.eclipse.emf.importer.java - 2.7.0.v20160526-0356
2017-03-11 02:34:26,232 - org.eclipse.emf.importer.rose - 2.8.0.v20160526-0356
2017-03-11 02:34:26,234 - org.eclipse.emf.edit.ui - 2.12.0.v20160526-0356
2017-03-11 02:34:26,255 - org.eclipse.help - 3.7.0.v20160602-1307
2017-03-11 02:34:26,256 - org.eclipse.ui - 3.108.1.v20160929-1045
2017-03-11 02:34:26,257 - org.eclipse.ui.workbench - 3.108.2.v20161025-2029
2017-03-11 02:34:26,257 - org.eclipse.update.configurator - 3.3.400.v20160506-0750
2017-03-11 02:34:26,258 - org.eclipse.rcp - 4.6.2.v20161124-1400
2017-03-11 02:34:26,277 - org.eclipse.recommenders.rcp - 2.4.5.v20161130-1427
2017-03-11 02:34:26,278 - org.eclipse.recommenders.apidocs - 2.4.5.v20161130-1427
2017-03-11 02:34:26,278 - org.eclipse.recommenders.apidocs.rcp - 2.4.5.v20161130-1427
2017-03-11 02:34:26,279 - org.eclipse.recommenders.calls - 2.4.5.v20161130-1427
2017-03-11 02:34:26,280 - org.eclipse.recommenders.calls.rcp - 2.4.5.v20161130-1427
2017-03-11 02:34:26,280 - org.eclipse.recommenders.chain.rcp - 2.4.5.v20161130-1427
2017-03-11 02:34:26,281 - org.eclipse.recommenders.completion.rcp - 2.4.5.v20161130-1427
2017-03-11 02:34:26,281 - org.eclipse.recommenders.constructors - 2.4.5.v20161130-1427
2017-03-11 02:34:26,282 - org.eclipse.recommenders.constructors.rcp - 2.4.5.v20161130-1427
2017-03-11 02:34:26,283 - org.eclipse.recommenders.coordinates - 2.4.5.v20161130-1427
2017-03-11 02:34:26,283 - org.eclipse.recommenders.coordinates.rcp - 2.4.5.v20161130-1427
2017-03-11 02:34:26,284 - org.eclipse.recommenders.injection - 2.4.5.v20161130-1427
2017-03-11 02:34:26,285 - org.eclipse.recommenders.jayes - 2.4.5.v20161130-1427
2017-03-11 02:34:26,286 - org.eclipse.recommenders.jayes.io - 2.4.5.v20161130-1427
2017-03-11 02:34:26,320 - org.eclipse.recommenders.jdt - 2.4.5.v20161130-1427
2017-03-11 02:34:26,321 - org.eclipse.recommenders.models - 2.4.5.v20161130-1427
2017-03-11 02:34:26,321 - org.eclipse.recommenders.models.rcp - 2.4.5.v20161130-1427
2017-03-11 02:34:26,322 - org.eclipse.recommenders.net - 2.4.5.v20161130-1427
2017-03-11 02:34:26,377 - org.eclipse.recommenders.overrides - 2.4.5.v20161130-1427
2017-03-11 02:34:26,378 - org.eclipse.recommenders.overrides.rcp - 2.4.5.v20161130-1427
2017-03-11 02:34:26,379 - org.eclipse.recommenders.subwords.rcp - 2.4.5.v20161130-1427
2017-03-11 02:34:26,379 - org.eclipse.recommenders.types.rcp - 2.4.5.v20161130-1427
2017-03-11 02:34:26,380 - org.eclipse.recommenders.utils - 2.4.5.v20161130-1427
2017-03-11 02:34:26,380 - org.eclipse.recommenders.utils.rcp - 2.4.5.v20161130-1427
2017-03-11 02:34:26,400 - org.eclipse.mylyn.commons.repositories.http.core - 1.13.0.v20160630-1702
2017-03-11 02:34:26,403 - org.eclipse.datatools.connectivity.oda.design.ui - 3.3.0.201603142002
2017-03-11 02:34:26,404 - org.eclipse.datatools.connectivity.ui.dse - 1.2.0.201603142002
2017-03-11 02:34:26,405 - org.eclipse.datatools.connectivity.ui - 1.3.0.201603142002
2017-03-11 02:34:26,406 - org.eclipse.datatools.connectivity.sqm.core - 1.3.0.201603142002
2017-03-11 02:34:26,406 - org.eclipse.datatools.help - 1.6.0.201603142002
2017-03-11 02:34:26,449 - org.eclipse.jdt - 3.12.2.v20161124-1400
2017-03-11 02:34:26,497 - org.eclipse.ant.ui - 3.6.201.v20161115-1135
2017-03-11 02:34:26,498 - org.eclipse.jdt.apt.core - 3.4.100.v20160525-0952
2017-03-11 02:34:26,499 - org.eclipse.jdt.apt.ui - 3.4.100.v20160418-1457
2017-03-11 02:34:26,499 - org.eclipse.jdt.apt.pluggable.core - 1.1.100.v20160418-1457
2017-03-11 02:34:26,500 - org.eclipse.jdt.compiler.apt - 1.2.100.v20160418-1457
2017-03-11 02:34:26,509 - org.eclipse.jdt.compiler.tool - 1.1.100.v20160418-1457
2017-03-11 02:34:26,510 - org.eclipse.jdt.core - 3.12.2.v20161117-1814
2017-03-11 02:34:26,511 - org.eclipse.jdt.annotation - 2.1.0.v20160418-1457
2017-03-11 02:34:26,511 - org.eclipse.jdt.annotation - 2.1.0.v20160418-1457
2017-03-11 02:34:26,511 - org.eclipse.jdt.core.manipulation - 1.7.0.v20160419-0705
2017-03-11 02:34:26,512 - org.eclipse.jdt.debug.ui - 3.7.201.v20160811-0450
2017-03-11 02:34:26,727 - org.eclipse.jdt.debug - 3.10.1.v20160811-0441
2017-03-11 02:34:26,728 - org.eclipse.jdt.junit - 3.9.0.v20160421-1701
2017-03-11 02:34:26,729 - org.eclipse.jdt.junit.core - 3.8.0.v20160421-1701
2017-03-11 02:34:26,729 - org.eclipse.jdt.junit.runtime - 3.4.600.v20160505-0715
2017-03-11 02:34:26,730 - org.eclipse.jdt.junit4.runtime - 1.1.600.v20160505-0715
2017-03-11 02:34:26,730 - org.eclipse.jdt.launching - 3.8.101.v20161111-2014
2017-03-11 02:34:26,731 - org.eclipse.jdt.ui - 3.12.2.v20160929-0804
2017-03-11 02:34:26,798 - org.junit - 4.12.0.v201504281640
2017-03-11 02:34:26,800 - org.hamcrest.core - 1.3.0.v201303031735
2017-03-11 02:34:26,815 - org.eclipse.jdt.doc.user - 3.12.1.v20160727-2009
2017-03-11 02:34:26,817 - org.eclipse.ant.launching - 1.1.201.v20161115-1135
2017-03-11 02:34:26,833 - org.eclipse.emf.common - 2.12.0.v20160420-0247
2017-03-11 02:34:26,836 - org.eclipse.sequoyah.vnc.vncviewer.vncviews - 2.1.0.N20120718-0509
2017-03-11 02:34:27,286 - org.eclipse.egit.mylyn.ui - 4.4.1.201607150455-r
2017-03-11 02:34:27,289 - org.eclipse.datatools.sqltools.common.ui - 1.1.0.201603142002
2017-03-11 02:34:27,290 - org.eclipse.datatools.sqltools.debugger.core - 1.1.0.201603142002
2017-03-11 02:34:27,291 - org.eclipse.datatools.sqltools.editor.core - 1.1.0.201603142002
2017-03-11 02:34:27,292 - org.eclipse.datatools.sqltools.plan - 1.1.0.201603142002
2017-03-11 02:34:27,292 - org.eclipse.datatools.sqltools.routineeditor - 1.1.0.201603142002
2017-03-11 02:34:27,294 - org.eclipse.datatools.sqltools.sql - 1.1.0.201603142002
2017-03-11 02:34:27,296 - org.eclipse.datatools.sqltools.sqleditor - 1.1.0.201603142002
2017-03-11 02:34:27,296 - org.eclipse.datatools.sqltools.sqlscrapbook - 1.1.0.201603142002
2017-03-11 02:34:27,296 - org.eclipse.datatools.help - 1.6.0.201603142002
2017-03-11 02:34:27,297 - org.eclipse.datatools.sqltools.db.generic - 1.1.0.201603142002
2017-03-11 02:34:27,298 - org.eclipse.datatools.sqltools.debugger.core.ui - 1.1.0.201603142002
2017-03-11 02:34:27,299 - org.eclipse.datatools.sqltools.editor.core.ui - 1.1.0.201603142002
2017-03-11 02:34:27,302 - org.eclipse.datatools.sqltools.result.ui - 1.2.0.201603142002
2017-03-11 02:34:27,305 - org.eclipse.datatools.sqltools.routineeditor.ui - 1.1.0.201603142002
2017-03-11 02:34:27,307 - org.eclipse.datatools.sqltools.sql.ui - 1.1.0.201603142002
2017-03-11 02:34:27,317 - org.objectweb.asm - 5.0.1.v201404251740
2017-03-11 02:34:27,317 - org.eclipse.andmore - 0.5.0.201605181018
2017-03-11 02:34:27,318 - org.eclipse.andmore.base - 0.5.0.201605181018
2017-03-11 02:34:27,319 - org.eclipse.andmore.ddms - 0.5.0.201605181018
2017-03-11 02:34:27,321 - org.eclipse.andmore.overlay - 0.5.0.201605181018
2017-03-11 02:34:27,324 - org.apache.commons.codec - 1.6.0.v201305230611
2017-03-11 02:34:27,326 - org.apache.commons.compress - 1.6.0.v201310281400
2017-03-11 02:34:27,327 - org.apache.httpcomponents.httpclient - 4.3.6.v201511171540
2017-03-11 02:34:27,328 - org.apache.httpcomponents.httpcore - 4.3.3.v201411290715
2017-03-11 02:34:27,334 - org.eclipse.datatools.modelbase.dbdefinition - 1.1.0.201603142002
2017-03-11 02:34:27,335 - org.eclipse.datatools.modelbase.sql.edit - 1.1.0.201603142002
2017-03-11 02:34:27,336 - org.eclipse.datatools.modelbase.sql.query - 1.2.0.201603142002
2017-03-11 02:34:27,337 - org.eclipse.datatools.modelbase.sql.query.edit - 1.1.0.201603142002
2017-03-11 02:34:27,338 - org.eclipse.datatools.modelbase.sql.xml.query - 1.1.0.201603142002
2017-03-11 02:34:27,338 - org.eclipse.datatools.modelbase.sql - 1.1.0.201603142002
2017-03-11 02:34:27,340 - org.eclipse.emf.mapping - 2.9.0.v20160526-0356
2017-03-11 02:34:27,363 - org.eclipse.oomph.setup.editor - 1.6.0.v20161125-1207
2017-03-11 02:34:27,364 - org.eclipse.oomph.setup.ui - 1.6.0.v20161128-0851
2017-03-11 02:34:27,365 - org.eclipse.oomph.setup.doc - 1.6.0.v20161019-0656
2017-03-11 02:34:27,366 - org.eclipse.oomph.setup.ui.questionnaire - 1.6.0.v20161019-0656
2017-03-11 02:34:27,366 - org.eclipse.oomph.jreinfo.ui - 1.6.0.v20161019-0656
2017-03-11 02:34:27,413 - org.eclipse.emf.ecore - 2.12.0.v20160420-0247
2017-03-11 02:34:27,414 - org.eclipse.emf.ecore.change - 2.11.0.v20160420-0247
2017-03-11 02:34:27,415 - org.eclipse.emf.ecore.xmi - 2.12.0.v20160420-0247
2017-03-11 02:34:27,460 - org.eclipse.jgit - 4.4.1.201607150455-r
2017-03-11 02:34:27,461 - org.eclipse.jgit.archive - 4.4.1.201607150455-r
2017-03-11 02:34:27,462 - com.jcraft.jsch - 0.1.53.v201508180515
2017-03-11 02:34:27,462 - javaewah - 0.7.9.v201605172130
2017-03-11 02:34:27,462 - org.apache.commons.compress - 1.6.0.v201310281400
2017-03-11 02:34:27,463 - org.slf4j.api - 1.7.2.v20121108-1250
2017-03-11 02:34:27,463 - org.slf4j.impl.log4j12 - 1.7.2.v20131105-2200
2017-03-11 02:34:27,464 - org.apache.log4j - 1.2.15.v201012070815
2017-03-11 02:34:27,506 - org.eclipse.mylyn.wikitext.core - 2.10.1.v20161129-1925
2017-03-11 02:34:27,507 - org.eclipse.mylyn.wikitext.core.ant - 2.10.1.v20161129-1925
2017-03-11 02:34:27,507 - org.eclipse.mylyn.wikitext.core.osgi - 2.10.1.v20161129-1925
2017-03-11 02:34:27,508 - org.eclipse.mylyn.wikitext.textile.core - 2.10.1.v20161129-1925
2017-03-11 02:34:27,508 - org.eclipse.mylyn.wikitext.html.core - 2.10.1.v20161129-1925
2017-03-11 02:34:27,509 - org.eclipse.mylyn.wikitext.markdown.core - 2.10.1.v20161129-1925
2017-03-11 02:34:27,510 - org.eclipse.mylyn.wikitext.mediawiki.core - 2.10.1.v20161129-1925
2017-03-11 02:34:27,510 - org.eclipse.mylyn.wikitext.mediawiki.core.ant - 2.10.1.v20161129-1925
2017-03-11 02:34:27,511 - org.eclipse.mylyn.wikitext.confluence.core - 2.10.1.v20161129-1925
2017-03-11 02:34:27,512 - org.eclipse.mylyn.wikitext.tracwiki.core - 2.10.1.v20161129-1925
2017-03-11 02:34:27,512 - org.eclipse.mylyn.wikitext.twiki.core - 2.10.1.v20161129-1925
2017-03-11 02:34:27,513 - org.eclipse.mylyn.wikitext.ui - 2.10.1.v20161129-1925
2017-03-11 02:34:27,514 - org.eclipse.mylyn.wikitext.help.ui - 2.10.1.v20161129-1925
2017-03-11 02:34:27,515 - org.eclipse.mylyn.wikitext.textile.ui - 2.10.1.v20161129-1925
2017-03-11 02:34:27,515 - org.eclipse.mylyn.wikitext.markdown.ui - 2.10.1.v20161129-1925
2017-03-11 02:34:27,519 - org.eclipse.mylyn.wikitext.mediawiki.ui - 2.10.1.v20161129-1925
2017-03-11 02:34:27,520 - org.eclipse.mylyn.wikitext.confluence.ui - 2.10.1.v20161129-1925
2017-03-11 02:34:27,521 - org.eclipse.mylyn.wikitext.tracwiki.ui - 2.10.1.v20161129-1925
2017-03-11 02:34:27,522 - org.eclipse.mylyn.wikitext.twiki.ui - 2.10.1.v20161129-1925
2017-03-11 02:34:27,522 - org.eclipse.mylyn.wikitext.tasks.ui - 2.10.1.v20161129-1925
2017-03-11 02:34:27,542 - org.eclipse.mylyn.wikitext.context.ui - 2.10.1.v20161129-1925
2017-03-11 02:34:27,543 - org.eclipse.mylyn.wikitext.asciidoc.core - 2.10.1.v20161129-1925
2017-03-11 02:34:27,544 - org.eclipse.mylyn.wikitext.asciidoc.ui - 2.10.1.v20161129-1925
2017-03-11 02:34:27,546 - org.eclipse.emf.mapping.ecore.editor - 2.6.0.v20160526-0356
2017-03-11 02:34:27,549 - org.eclipse.emf.mapping.ecore2ecore.editor - 2.7.0.v20160526-0356
2017-03-11 02:34:27,550 - org.eclipse.emf.mapping.ecore2xml.ui - 2.8.0.v20160526-0356
2017-03-11 02:34:27,587 - org.eclipse.recommenders.mylyn.rcp - 2.4.5.v20161130-1427
2017-03-11 02:34:28,347 - org.apache.ant - 1.9.6.v201510161327
2017-03-11 02:34:28,348 - org.eclipse.ant.core - 3.4.100.v20160505-0642
2017-03-11 02:34:28,348 - com.jcraft.jsch - 0.1.53.v201508180515
2017-03-11 02:34:28,348 - org.eclipse.compare.core - 3.6.0.v20160418-1534
2017-03-11 02:34:28,349 - org.eclipse.compare - 3.7.0.v20161024-1724
2017-03-11 02:34:28,350 - org.eclipse.core.filebuffers - 3.6.0.v20160503-1849
2017-03-11 02:34:28,351 - org.eclipse.core.filesystem - 1.6.1.v20161113-2349
2017-03-11 02:34:28,351 - org.eclipse.core.net - 1.3.0.v20160418-1534
2017-03-11 02:34:28,351 - org.eclipse.core.net.linux.x86_64 - 1.2.0.v20160323-1650
2017-03-11 02:34:28,352 - org.eclipse.core.resources - 3.11.1.v20161107-2032
2017-03-11 02:34:28,352 - org.eclipse.osgi.util - 3.3.100.v20150423-1351
2017-03-11 02:34:28,353 - org.eclipse.debug.core - 3.10.100.v20160419-1720
2017-03-11 02:34:28,439 - org.eclipse.debug.ui - 3.11.202.v20161114-0338
2017-03-11 02:34:28,440 - org.eclipse.equinox.event - 1.3.200.v20160324-1850
2017-03-11 02:34:28,442 - org.eclipse.ltk.core.refactoring - 3.7.0.v20160419-0705
2017-03-11 02:34:28,443 - org.eclipse.ltk.ui.refactoring - 3.8.0.v20160518-1817
2017-03-11 02:34:28,443 - org.eclipse.platform - 4.6.2.v20161124-1400
2017-03-11 02:34:28,470 - org.eclipse.platform.doc.user - 4.6.1.v20160727-2009
2017-03-11 02:34:28,471 - org.eclipse.search - 3.11.1.v20161113-1700
2017-03-11 02:34:28,471 - org.eclipse.team.core - 3.8.0.v20160418-1534
2017-03-11 02:34:28,514 - org.eclipse.team.ui - 3.8.0.v20160518-1906
2017-03-11 02:34:28,514 - org.eclipse.text - 3.6.0.v20160503-1849
2017-03-11 02:34:28,515 - org.eclipse.jface.text - 3.11.2.v20161113-1700
2017-03-11 02:34:28,516 - org.eclipse.jsch.core - 1.3.0.v20160422-1917
2017-03-11 02:34:28,517 - org.eclipse.jsch.ui - 1.3.0.v20160323-1650
2017-03-11 02:34:28,517 - org.eclipse.ui.console - 3.6.201.v20161107-0337
2017-03-11 02:34:28,518 - org.eclipse.ui.intro - 3.5.2.v20161116-1147
2017-03-11 02:34:28,518 - org.eclipse.ui.intro.universal - 3.3.1.v20160829-1558
2017-03-11 02:34:28,519 - org.eclipse.ui.cheatsheets - 3.5.0.v20160504-0839
2017-03-11 02:34:28,521 - org.eclipse.ui.browser - 3.5.2.v20161114-0210
2017-03-11 02:34:28,521 - org.eclipse.ui.monitoring - 1.1.1.v20161028-1850
2017-03-11 02:34:28,522 - org.eclipse.ui.navigator - 3.6.101.v20161006-1120
2017-03-11 02:34:28,525 - org.eclipse.ui.navigator.resources - 3.5.101.v20161006-0640
2017-03-11 02:34:28,525 - org.eclipse.ui.net - 1.3.0.v20160426-1633
2017-03-11 02:34:28,526 - org.eclipse.ui.workbench.texteditor - 3.10.1.v20160818-1626
2017-03-11 02:34:28,528 - org.eclipse.ui.views - 3.8.101.v20160816-1954
2017-03-11 02:34:28,528 - org.eclipse.ui.editors - 3.10.1.v20161106-1856
2017-03-11 02:34:28,529 - org.eclipse.ui.externaltools - 3.3.100.v20160518-1858
2017-03-11 02:34:28,530 - org.eclipse.ui.ide - 3.12.2.v20161115-1450
2017-03-11 02:34:28,531 - org.eclipse.ui.ide.application - 1.1.101.v20160829-0827
2017-03-11 02:34:28,531 - org.eclipse.core.filesystem.linux.x86_64 - 1.2.200.v20140124-1940
2017-03-11 02:34:28,552 - org.eclipse.core.variables - 3.3.0.v20160419-1720
2017-03-11 02:34:28,557 - org.eclipse.ui.forms - 3.7.0.v20160518-1929
2017-03-11 02:34:28,557 - org.eclipse.ui.views.properties.tabbed - 3.7.0.v20160310-0903
2017-03-11 02:34:28,558 - org.eclipse.equinox.security - 1.2.200.v20150715-1528
2017-03-11 02:34:28,558 - org.eclipse.equinox.security.ui - 1.1.300.v20150803-1225
2017-03-11 02:34:28,559 - org.eclipse.core.externaltools - 1.0.400.v20160509-1057
2017-03-11 02:34:28,559 - org.eclipse.ui.themes - 1.1.300.v20161107-1827
2017-03-11 02:34:28,559 - org.eclipse.core.runtime - 3.12.0.v20160606-1342
2017-03-11 02:34:28,560 - org.eclipse.ui.intro.quicklinks - 1.0.0.v20160515-0255
2017-03-11 02:34:28,592 - org.eclipse.mylyn.discovery.core - 3.21.0.v20160729-1739
2017-03-11 02:34:28,592 - org.eclipse.mylyn.discovery.ui - 3.21.0.v20160630-1702
2017-03-11 02:34:28,598 - org.eclipse.emf.ecore.edit - 2.9.0.v20160526-0356
2017-03-11 02:34:28,601 - org.eclipse.emf.ecore.change.edit - 2.6.0.v20160526-0356
2017-03-11 02:34:28,605 - org.eclipse.sequoyah.vnc.protocol - 2.1.0.N20120718-0509
2017-03-11 02:34:28,637 - org.eclipse.mylyn.versions.core - 1.13.0.v20160630-2022
2017-03-11 02:34:28,638 - org.eclipse.mylyn.versions.ui - 1.13.0.v20160630-2022
2017-03-11 02:34:28,640 - org.eclipse.emf.mapping.ecore - 2.6.0.v20160526-0356
2017-03-11 02:34:28,640 - org.eclipse.emf.mapping.ecore2ecore - 2.9.0.v20160526-0356
2017-03-11 02:34:28,641 - org.eclipse.emf.mapping.ecore2xml - 2.9.0.v20160526-0356
2017-03-11 02:34:28,643 - org.eclipse.andmore.traceview - 0.5.0.201605181018
2017-03-11 02:34:28,645 - org.eclipse.sequoyah.localization.android - 2.1.0.N20120718-0509
2017-03-11 02:34:28,646 - org.eclipse.sequoyah.localization.android.help - 2.1.1.N20120718-0509
2017-03-11 02:34:28,674 - org.eclipse.m2e.logback.configuration - 1.7.0.20160603-1933
2017-03-11 02:34:28,674 - org.eclipse.m2e.logback.appender - 1.7.0.20160603-1933
2017-03-11 02:34:28,676 - org.eclipse.emf.codegen - 2.11.0.v20160526-0356
2017-03-11 02:34:28,705 - org.eclipse.wst.dtd.ui - 1.0.801.v201308100602
2017-03-11 02:34:28,706 - org.eclipse.wst.dtd.ui.infopop - 1.0.400.v201309112106
2017-03-11 02:34:28,707 - org.eclipse.wst.sse.ui.infopop - 1.0.300.v201309112106
2017-03-11 02:34:28,708 - org.eclipse.wst.xml.ui.infopop - 1.0.400.v201309112106
2017-03-11 02:34:28,709 - org.eclipse.wst.sse.ui - 1.3.500.v201605120129
2017-03-11 02:34:28,709 - org.eclipse.wst.xml.ui - 1.1.700.v201604272318
2017-03-11 02:34:28,711 - org.eclipse.wst.xsd.ui - 1.2.600.v201511240159
2017-03-11 02:34:28,718 - org.eclipse.emf - 2.6.0.v20160526-0356
2017-03-11 02:34:28,721 - org.eclipse.datatools.doc.user - 1.7.0.20090521092446
2017-03-11 02:34:28,722 - org.eclipse.datatools.oda.cshelp - 1.2.0.201603142002
2017-03-11 02:34:28,722 - org.eclipse.datatools.help - 1.6.0.201603142002
2017-03-11 02:34:28,758 - org.eclipse.mylyn.tasks.bugs - 3.21.0.v20160929-1805
2017-03-11 02:34:28,787 - org.eclipse.mylyn.help.ui - 3.21.0.v20160913-2013
2017-03-11 02:34:28,789 - org.eclipse.draw2d - 3.10.100.201606061308
2017-03-11 02:34:28,791 - org.eclipse.emf.edit - 2.12.0.v20160526-0356
2017-03-11 02:34:28,831 - org.eclipse.mylyn.commons.core - 3.21.0.v20160707-1856
2017-03-11 02:34:28,832 - org.eclipse.mylyn.commons.screenshots - 3.21.0.v20160630-1702
2017-03-11 02:34:28,832 - org.eclipse.mylyn.commons.ui - 3.21.0.v20160630-1702
2017-03-11 02:34:28,833 - org.eclipse.mylyn.commons.workbench - 3.21.0.v20160630-1702
2017-03-11 02:34:28,880 - org.eclipse.mylyn.bugzilla.ide - 3.21.0.v20160912-1820
2017-03-11 02:34:28,880 - org.eclipse.mylyn.ide.ui - 3.21.0.v20160701-1337
2017-03-11 02:34:28,883 - org.eclipse.emf.databinding.edit - 1.3.0.v20160526-0356
2017-03-11 02:34:28,885 - org.eclipse.emf.codegen.ecore - 2.12.0.v20160526-0356
2017-03-11 02:34:28,891 - org.eclipse.emf.ant - 2.8.0.v20160526-0356
2017-03-11 02:34:29,332 - org.eclipse.m2e.archetype.common - 1.7.0.20160603-1931
2017-03-11 02:34:29,445 - org.eclipse.m2e.maven.indexer - 1.7.0.20160603-1931
2017-03-11 02:34:29,446 - org.eclipse.m2e.model.edit - 1.7.0.20160603-1933
2017-03-11 02:34:29,446 - org.eclipse.m2e.core - 1.7.0.20160603-1933
2017-03-11 02:34:29,446 - org.eclipse.m2e.launching - 1.7.0.20160603-1933
2017-03-11 02:34:29,447 - org.eclipse.m2e.workspace.cli - 0.3.1
2017-03-11 02:34:29,447 - org.eclipse.m2e.jdt - 1.7.0.20160603-1933
2017-03-11 02:34:29,448 - org.eclipse.m2e.editor - 1.7.0.20160603-1933
2017-03-11 02:34:29,448 - org.eclipse.m2e.editor.xml - 1.7.0.20160603-1933
2017-03-11 02:34:29,965 - org.eclipse.m2e.maven.runtime - 1.7.0.20160603-1931
2017-03-11 02:34:29,968 - org.eclipse.m2e.maven.runtime.slf4j.simple - 1.7.0.20160603-1931
2017-03-11 02:34:29,969 - org.eclipse.m2e.refactoring - 1.7.0.20160603-1933
2017-03-11 02:34:29,970 - org.eclipse.m2e.lifecyclemapping.defaults - 1.7.0.20160603-1933
2017-03-11 02:34:29,970 - org.eclipse.m2e.discovery - 1.7.0.20160603-1933
2017-03-11 02:34:29,972 - org.eclipse.m2e.core.ui - 1.7.0.20160603-1933
2017-03-11 02:34:29,973 - org.eclipse.m2e.scm - 1.7.0.20160603-1933
2017-03-11 02:34:29,974 - org.eclipse.m2e.jdt.ui - 1.7.0.20160603-1933
2017-03-11 02:34:29,975 - org.eclipse.m2e.profiles.core - 1.7.0.20160603-1933
2017-03-11 02:34:29,976 - org.eclipse.m2e.profiles.ui - 1.7.0.20160603-1933
2017-03-11 02:34:29,976 - org.eclipse.m2e.importer - 1.7.0.20160603-1933
2017-03-11 02:34:29,980 - org.eclipse.andmore.ndk - 0.5.0.201605181018
2017-03-11 02:34:29,983 - org.eclipse.andmore.gldebugger - 0.5.0.201605181018
2017-03-11 02:34:29,999 - org.eclipse.mylyn.hudson.core - 1.13.0.v20160806-1446
2017-03-11 02:34:29,999 - org.eclipse.mylyn.hudson.ui - 1.13.0.v20160704-1634
2017-03-11 02:34:30,016 - org.eclipse.epp.mpc.core - 1.5.3.v20161116-1851
2017-03-11 02:34:30,016 - org.eclipse.epp.mpc.ui - 1.5.3.v20161116-1851
2017-03-11 02:34:30,016 - org.eclipse.epp.mpc.help.ui - 1.5.3.v20161116-1851
2017-03-11 02:34:30,016 - org.apache.httpcomponents.httpclient - 4.3.6.v201511171540
2017-03-11 02:34:30,016 - org.apache.httpcomponents.httpcore - 4.3.3.v201411290715
2017-03-11 02:34:30,031 - org.eclipse.mylyn.git.core - 1.13.0.v20160630-2022
2017-03-11 02:34:30,032 - org.eclipse.mylyn.git.ui - 1.13.0.v20160630-2022
2017-03-11 02:34:30,034 - org.eclipse.datatools.connectivity.oda.consumer - 3.3.0.201603142002
2017-03-11 02:34:30,035 - org.eclipse.datatools.connectivity.oda.design - 3.4.0.201603142002
2017-03-11 02:34:30,035 - org.eclipse.datatools.connectivity.oda.profile - 3.3.0.201603142002
2017-03-11 02:34:30,035 - org.eclipse.datatools.connectivity.oda - 3.5.0.201603142002
2017-03-11 02:34:30,035 - org.eclipse.datatools.connectivity - 1.13.0.201603142002
2017-03-11 02:34:30,038 - org.eclipse.andmore.android.certmanager - 0.5.0.201605181018
2017-03-11 02:34:30,062 - org.eclipse.recommenders.snipmatch - 2.4.5.v20161130-1427
2017-03-11 02:34:30,062 - org.eclipse.recommenders.snipmatch.rcp - 2.4.5.v20161130-1427
2017-03-11 02:34:30,064 - org.eclipse.cdt.gdb - 7.0.0.201612061315
2017-03-11 02:34:30,065 - org.eclipse.cdt.gdb.ui - 7.0.0.201612061315
2017-03-11 02:34:30,067 - org.eclipse.pde - 3.12.2.v20161124-1400
2017-03-11 02:34:30,090 - org.eclipse.pde.build - 3.9.200.v20160204-0642
2017-03-11 02:34:30,091 - org.eclipse.pde.core - 3.11.1.v20161115-1951
2017-03-11 02:34:30,092 - org.eclipse.pde.junit.runtime - 3.5.0.v20151013-0625
2017-03-11 02:34:30,092 - org.eclipse.pde.runtime - 3.5.0.v20160418-1724
2017-03-11 02:34:30,093 - org.eclipse.pde.ui - 3.9.100.v20161102-0517
2017-03-11 02:34:30,094 - org.eclipse.pde.doc.user - 3.12.2.v20161123-1159
2017-03-11 02:34:30,096 - org.eclipse.pde.ui.templates - 3.6.0.v20160424-1948
2017-03-11 02:34:30,096 - org.eclipse.ui.views.log - 1.2.1.v20160829-0826
2017-03-11 02:34:30,096 - org.objectweb.asm - 5.0.1.v201404251740
2017-03-11 02:34:30,097 - org.objectweb.asm.tree - 5.0.1.v201404251740
2017-03-11 02:34:30,098 - org.eclipse.pde.api.tools - 1.1.2.v20161115-0549
2017-03-11 02:34:30,098 - org.eclipse.pde.api.tools.annotations - 1.0.100.v20160418-1724
2017-03-11 02:34:30,099 - org.eclipse.pde.api.tools.ui - 1.1.0.v20160519-0701
2017-03-11 02:34:30,099 - org.eclipse.pde.ds.core - 1.1.0.v20151201-1325
2017-03-11 02:34:30,100 - org.eclipse.pde.ds.ui - 1.1.0.v20160518-1843
2017-03-11 02:34:30,100 - org.eclipse.pde.launching - 3.6.401.v20161115-0549
2017-03-11 02:34:30,101 - org.eclipse.pde.ua.core - 1.0.500.v20160204-0642
2017-03-11 02:34:30,101 - org.eclipse.pde.ua.ui - 1.1.0.v20160518-1843
2017-03-11 02:34:30,102 - org.eclipse.ui.trace - 1.0.400.v20160509-1055
2017-03-11 02:34:30,102 - org.eclipse.pde.ds.annotations - 1.0.0.v20160525-1437
2017-03-11 02:34:30,104 - org.eclipse.sequoyah.localization.tools - 2.1.0.N20120718-0509
2017-03-11 02:34:30,105 - org.eclipse.sequoyah.localization.editor - 2.1.0.N20120718-0509
2017-03-11 02:34:30,108 - net.sourceforge.lpg.lpgjavaruntime - 1.1.0.v201004271650
2017-03-11 02:34:30,108 - org.eclipse.datatools.sqltools.parsers.sql.lexer - 1.1.0.201603142002
2017-03-11 02:34:30,109 - org.eclipse.datatools.sqltools.parsers.sql.query - 1.3.0.201603142002
2017-03-11 02:34:30,110 - org.eclipse.datatools.sqltools.parsers.sql.xml.query - 1.1.0.201603142002
2017-03-11 02:34:30,110 - org.eclipse.datatools.sqltools.parsers.sql - 1.1.0.201603142002
2017-03-11 02:34:30,113 - org.eclipse.mylyn.java.ui - 3.21.0.v20160701-1337
2017-03-11 02:34:30,126 - org.eclipse.mylyn.java.tasks - 3.21.0.v20160701-1337
2017-03-11 02:34:30,126 - org.eclipse.mylyn.ide.ui - 3.21.0.v20160701-1337
2017-03-11 02:34:30,127 - org.eclipse.mylyn.ide.ant - 3.21.0.v20160701-1337
2017-03-11 02:34:30,131 - org.eclipse.mylyn.debug.ui - 3.21.0.v20160701-1337
2017-03-11 02:34:30,137 - org.eclipse.mylyn.team.ui - 3.21.0.v20160701-1337
2017-03-11 02:34:30,139 - org.eclipse.datatools.sqltools.sql - 1.1.0.201603142002
2017-03-11 02:34:30,139 - org.eclipse.datatools.sqltools.common.ui - 1.1.0.201603142002
2017-03-11 02:34:30,139 - org.eclipse.datatools.sqltools.plan - 1.1.0.201603142002
2017-03-11 02:34:30,139 - org.eclipse.datatools.sqltools.editor.core - 1.1.0.201603142002
2017-03-11 02:34:30,139 - org.eclipse.datatools.sqltools.sqleditor - 1.1.0.201603142002
2017-03-11 02:34:30,139 - org.eclipse.datatools.sqltools.ddlgen.ui - 1.1.0.201603142002
2017-03-11 02:34:30,140 - org.eclipse.datatools.connectivity.db.generic - 1.1.0.201603142002
2017-03-11 02:34:30,140 - org.eclipse.datatools.sqltools.editor.core.ui - 1.1.0.201603142002
2017-03-11 02:34:30,140 - org.eclipse.datatools.sqltools.sql.ui - 1.1.0.201603142002
2017-03-11 02:34:30,141 - org.eclipse.emf.common.ui - 2.11.0.v20160526-0356
2017-03-11 02:34:30,155 - org.eclipse.mylyn.commons.repositories.core - 1.13.0.v20160630-1702
2017-03-11 02:34:30,156 - org.eclipse.mylyn.commons.repositories.ui - 1.13.0.v20160630-1702
2017-03-11 02:34:30,157 - org.eclipse.sequoyah.device.common.utilities - 2.1.0.N20120718-0509
2017-03-11 02:34:30,160 - org.eclipse.andmore.android.common - 0.5.0.201605181018
2017-03-11 02:34:30,161 - org.eclipse.andmore.android.codeutils - 0.5.0.201605181018
2017-03-11 02:34:30,161 - org.eclipse.andmore.android.translation - 0.5.0.201605181018
2017-03-11 02:34:30,162 - org.eclipse.andmore.android.codesnippets - 0.5.0.201605181018
2017-03-11 02:34:30,163 - org.eclipse.andmore.android.db.core - 0.5.0.201605181018
2017-03-11 02:34:30,164 - org.eclipse.andmore.android.logger - 0.5.0.201605181018
2017-03-11 02:34:30,165 - org.eclipse.andmore.android - 0.5.0.201605181018
2017-03-11 02:34:30,166 - org.eclipse.andmore.android.emulator - 0.5.0.201605181018
2017-03-11 02:34:30,167 - org.eclipse.andmore.android.launch - 0.5.0.201605181018
2017-03-11 02:34:30,167 - org.eclipse.andmore.android.packaging.ui - 0.5.0.201605181018
2017-03-11 02:34:30,168 - org.eclipse.andmore.android.handset - 0.5.0.201605181018
2017-03-11 02:34:30,168 - org.eclipse.andmore.android.remote - 0.5.0.201605181018
2017-03-11 02:34:30,169 - org.eclipse.andmore.android.linux.x86_64 - 0.5.0.201605181018
2017-03-11 02:34:30,169 - org.eclipse.andmore.android.mat - 0.5.0.201605181018
2017-03-11 02:34:30,170 - org.eclipse.andmore.android.devices.services - 0.5.0.201605181018
2017-03-11 02:34:30,170 - org.eclipse.andmore.android.db.devices - 0.5.0.201605181018
2017-03-11 02:34:30,170 - org.eclipse.andmore.android.installer - 0.5.0.201605181018
2017-03-11 02:34:30,171 - org.eclipse.andmore.android.logger.collector - 0.5.0.201605181018
2017-03-11 02:34:30,173 - org.eclipse.emf.mapping.ui - 2.7.0.v20160526-0356
2017-03-11 02:34:30,176 - org.eclipse.mylyn.monitor.core - 3.21.0.v20160630-1702
2017-03-11 02:34:30,176 - org.eclipse.mylyn.monitor.ui - 3.21.0.v20160630-1702
2017-03-11 02:34:30,179 - org.eclipse.datatools.connectivity.oda.template.ui - 3.3.0.201603142002
2017-03-11 02:34:30,180 - org.eclipse.sequoyah.vnc.vncviewer - 2.1.0.N20120718-0509
2017-03-11 02:34:30,181 - org.eclipse.emf.codegen.ecore.ui - 2.12.0.v20160526-0356
2017-03-11 02:34:30,183 - org.eclipse.emf.ecore.editor - 2.12.0.v20160526-0356
2017-03-11 02:34:30,185 - org.eclipse.epp.package.android - 4.6.2.20161208-0625
2017-03-11 02:34:30,198 - org.eclipse.mylyn.builds.core - 1.13.0.v20160704-1634
2017-03-11 02:34:30,198 - org.eclipse.mylyn.builds.ui - 1.13.0.v20160725-1817
2017-03-11 02:34:30,218 - org.eclipse.mylyn.context.core - 3.21.0.v20160701-1337
2017-03-11 02:34:30,219 - org.eclipse.mylyn.context.ui - 3.21.0.v20160701-1337
2017-03-11 02:34:30,219 - org.eclipse.mylyn.resources.ui - 3.21.0.v20160701-1337
2017-03-11 02:34:30,220 - org.eclipse.mylyn.context.tasks.ui - 3.21.0.v20160815-2336
2017-03-11 02:34:30,222 - org.eclipse.emf.databinding - 1.3.0.v20160526-0356
2017-03-11 02:34:30,225 - org.eclipse.datatools.connectivity.sqm.core.ui - 1.3.0.201603142002
2017-03-11 02:34:30,225 - org.eclipse.datatools.connectivity.sqm.core - 1.3.0.201603142002
2017-03-11 02:34:30,226 - org.eclipse.datatools.connectivity.sqm.server.ui - 1.2.0.201603142002
2017-03-11 02:34:30,226 - org.eclipse.datatools.connectivity.ui.dse - 1.2.0.201603142002
2017-03-11 02:34:30,226 - org.eclipse.datatools.connectivity.ui - 1.3.0.201603142002
2017-03-11 02:34:30,226 - org.eclipse.datatools.connectivity - 1.13.0.201603142002
2017-03-11 02:34:30,226 - org.eclipse.datatools.help - 1.6.0.201603142002
2017-03-11 02:34:30,227 - org.eclipse.datatools.connectivity.console.profile - 1.1.0.201603142002
2017-03-11 02:34:30,248 - org.eclipse.oomph.setup - 1.6.0.v20161125-0947
2017-03-11 02:34:30,249 - org.eclipse.oomph.setup.edit - 1.6.0.v20161125-0947
2017-03-11 02:34:30,249 - org.eclipse.oomph.setup.core - 1.6.0.v20161128-0928
2017-03-11 02:34:30,250 - org.eclipse.oomph.setup.sync - 1.6.0.v20161019-0656
2017-03-11 02:34:30,250 - org.eclipse.oomph.setup.p2 - 1.6.0.v20161019-0656
2017-03-11 02:34:30,251 - org.eclipse.oomph.setup.p2.edit - 1.6.0.v20161019-0656
2017-03-11 02:34:30,251 - org.eclipse.oomph.preferences - 1.6.0.v20161019-0656
2017-03-11 02:34:30,252 - org.eclipse.oomph.jreinfo - 1.6.0.v20161019-0656
2017-03-11 02:34:30,252 - org.eclipse.oomph.extractor.lib - 1.3.0.v20161116-0647
2017-03-11 02:34:30,252 - org.apache.commons.logging - 1.1.1.v201101211721
2017-03-11 02:34:30,252 - org.apache.commons.codec - 1.6.0.v201305230611
2017-03-11 02:34:30,252 - org.apache.httpcomponents.httpclient - 4.3.6.v201511171540
2017-03-11 02:34:30,252 - org.apache.httpcomponents.httpcore - 4.3.3.v201411290715
2017-03-11 02:34:30,268 - org.eclipse.userstorage - 1.0.0.v20160524-0709
2017-03-11 02:34:30,269 - org.eclipse.userstorage.ui - 1.0.0.v20151216-0912
